[2026-01-12T09:22:05.202+0000] {processor.py:161} INFO - Started process (PID=173) to work on /opt/airflow/dags/postgres_to_mysql_etl.py
[2026-01-12T09:22:05.215+0000] {processor.py:830} INFO - Processing file /opt/airflow/dags/postgres_to_mysql_etl.py for tasks to queue
[2026-01-12T09:22:05.221+0000] {logging_mixin.py:188} INFO - [2026-01-12T09:22:05.220+0000] {dagbag.py:538} INFO - Filling up the DagBag from /opt/airflow/dags/postgres_to_mysql_etl.py
[2026-01-12T09:22:05.458+0000] {processor.py:840} INFO - DAG(s) 'postgres_to_mysql_etl' retrieved from /opt/airflow/dags/postgres_to_mysql_etl.py
[2026-01-12T09:22:06.532+0000] {logging_mixin.py:188} INFO - [2026-01-12T09:22:06.530+0000] {override.py:1769} INFO - Created Permission View: can edit on DAG:postgres_to_mysql_etl
[2026-01-12T09:22:06.553+0000] {logging_mixin.py:188} INFO - [2026-01-12T09:22:06.552+0000] {override.py:1769} INFO - Created Permission View: can read on DAG:postgres_to_mysql_etl
[2026-01-12T09:22:06.574+0000] {logging_mixin.py:188} INFO - [2026-01-12T09:22:06.574+0000] {override.py:1769} INFO - Created Permission View: can delete on DAG:postgres_to_mysql_etl
[2026-01-12T09:22:06.576+0000] {logging_mixin.py:188} INFO - [2026-01-12T09:22:06.576+0000] {dag.py:3036} INFO - Sync 1 DAGs
[2026-01-12T09:22:06.605+0000] {logging_mixin.py:188} INFO - [2026-01-12T09:22:06.605+0000] {dag.py:3058} INFO - Creating ORM DAG for postgres_to_mysql_etl
[2026-01-12T09:22:06.633+0000] {logging_mixin.py:188} INFO - [2026-01-12T09:22:06.632+0000] {dag.py:3823} INFO - Setting next_dagrun for postgres_to_mysql_etl to 2026-01-12 00:00:00+00:00, run_after=2026-01-12 06:00:00+00:00
[2026-01-12T09:22:06.707+0000] {processor.py:183} INFO - Processing /opt/airflow/dags/postgres_to_mysql_etl.py took 1.527 seconds
[2026-01-12T09:22:37.325+0000] {processor.py:161} INFO - Started process (PID=178) to work on /opt/airflow/dags/postgres_to_mysql_etl.py
[2026-01-12T09:22:37.329+0000] {processor.py:830} INFO - Processing file /opt/airflow/dags/postgres_to_mysql_etl.py for tasks to queue
[2026-01-12T09:22:37.341+0000] {logging_mixin.py:188} INFO - [2026-01-12T09:22:37.331+0000] {dagbag.py:538} INFO - Filling up the DagBag from /opt/airflow/dags/postgres_to_mysql_etl.py
[2026-01-12T09:22:37.406+0000] {processor.py:840} INFO - DAG(s) 'postgres_to_mysql_etl' retrieved from /opt/airflow/dags/postgres_to_mysql_etl.py
[2026-01-12T09:22:37.576+0000] {logging_mixin.py:188} INFO - [2026-01-12T09:22:37.576+0000] {dag.py:3036} INFO - Sync 1 DAGs
[2026-01-12T09:22:37.983+0000] {logging_mixin.py:188} INFO - [2026-01-12T09:22:37.982+0000] {dag.py:3823} INFO - Setting next_dagrun for postgres_to_mysql_etl to 2026-01-12 00:00:00+00:00, run_after=2026-01-12 06:00:00+00:00
[2026-01-12T09:22:38.122+0000] {processor.py:183} INFO - Processing /opt/airflow/dags/postgres_to_mysql_etl.py took 0.818 seconds
[2026-01-12T09:23:08.405+0000] {processor.py:161} INFO - Started process (PID=183) to work on /opt/airflow/dags/postgres_to_mysql_etl.py
[2026-01-12T09:23:08.407+0000] {processor.py:830} INFO - Processing file /opt/airflow/dags/postgres_to_mysql_etl.py for tasks to queue
[2026-01-12T09:23:08.410+0000] {logging_mixin.py:188} INFO - [2026-01-12T09:23:08.409+0000] {dagbag.py:538} INFO - Filling up the DagBag from /opt/airflow/dags/postgres_to_mysql_etl.py
[2026-01-12T09:23:08.465+0000] {processor.py:840} INFO - DAG(s) 'postgres_to_mysql_etl' retrieved from /opt/airflow/dags/postgres_to_mysql_etl.py
[2026-01-12T09:23:08.520+0000] {logging_mixin.py:188} INFO - [2026-01-12T09:23:08.520+0000] {dag.py:3036} INFO - Sync 1 DAGs
[2026-01-12T09:23:08.566+0000] {logging_mixin.py:188} INFO - [2026-01-12T09:23:08.566+0000] {dag.py:3823} INFO - Setting next_dagrun for postgres_to_mysql_etl to 2026-01-12 00:00:00+00:00, run_after=2026-01-12 06:00:00+00:00
[2026-01-12T09:23:08.618+0000] {processor.py:183} INFO - Processing /opt/airflow/dags/postgres_to_mysql_etl.py took 0.223 seconds
[2026-01-12T09:23:38.756+0000] {processor.py:161} INFO - Started process (PID=188) to work on /opt/airflow/dags/postgres_to_mysql_etl.py
[2026-01-12T09:23:38.758+0000] {processor.py:830} INFO - Processing file /opt/airflow/dags/postgres_to_mysql_etl.py for tasks to queue
[2026-01-12T09:23:38.762+0000] {logging_mixin.py:188} INFO - [2026-01-12T09:23:38.761+0000] {dagbag.py:538} INFO - Filling up the DagBag from /opt/airflow/dags/postgres_to_mysql_etl.py
[2026-01-12T09:23:38.811+0000] {processor.py:840} INFO - DAG(s) 'postgres_to_mysql_etl' retrieved from /opt/airflow/dags/postgres_to_mysql_etl.py
[2026-01-12T09:23:38.895+0000] {logging_mixin.py:188} INFO - [2026-01-12T09:23:38.894+0000] {dag.py:3036} INFO - Sync 1 DAGs
[2026-01-12T09:23:38.957+0000] {logging_mixin.py:188} INFO - [2026-01-12T09:23:38.957+0000] {dag.py:3823} INFO - Setting next_dagrun for postgres_to_mysql_etl to 2026-01-12 00:00:00+00:00, run_after=2026-01-12 06:00:00+00:00
[2026-01-12T09:23:38.999+0000] {processor.py:183} INFO - Processing /opt/airflow/dags/postgres_to_mysql_etl.py took 0.251 seconds
[2026-01-12T09:24:10.281+0000] {processor.py:161} INFO - Started process (PID=193) to work on /opt/airflow/dags/postgres_to_mysql_etl.py
[2026-01-12T09:24:10.326+0000] {processor.py:830} INFO - Processing file /opt/airflow/dags/postgres_to_mysql_etl.py for tasks to queue
[2026-01-12T09:24:10.361+0000] {logging_mixin.py:188} INFO - [2026-01-12T09:24:10.355+0000] {dagbag.py:538} INFO - Filling up the DagBag from /opt/airflow/dags/postgres_to_mysql_etl.py
[2026-01-12T09:24:10.639+0000] {processor.py:840} INFO - DAG(s) 'postgres_to_mysql_etl' retrieved from /opt/airflow/dags/postgres_to_mysql_etl.py
[2026-01-12T09:24:11.036+0000] {logging_mixin.py:188} INFO - [2026-01-12T09:24:11.035+0000] {dag.py:3036} INFO - Sync 1 DAGs
[2026-01-12T09:24:11.424+0000] {logging_mixin.py:188} INFO - [2026-01-12T09:24:11.423+0000] {dag.py:3823} INFO - Setting next_dagrun for postgres_to_mysql_etl to 2026-01-12 00:00:00+00:00, run_after=2026-01-12 06:00:00+00:00
[2026-01-12T09:24:11.584+0000] {processor.py:183} INFO - Processing /opt/airflow/dags/postgres_to_mysql_etl.py took 1.420 seconds
[2026-01-12T09:24:41.849+0000] {processor.py:161} INFO - Started process (PID=198) to work on /opt/airflow/dags/postgres_to_mysql_etl.py
[2026-01-12T09:24:41.859+0000] {processor.py:830} INFO - Processing file /opt/airflow/dags/postgres_to_mysql_etl.py for tasks to queue
[2026-01-12T09:24:41.862+0000] {logging_mixin.py:188} INFO - [2026-01-12T09:24:41.860+0000] {dagbag.py:538} INFO - Filling up the DagBag from /opt/airflow/dags/postgres_to_mysql_etl.py
[2026-01-12T09:24:41.923+0000] {processor.py:840} INFO - DAG(s) 'postgres_to_mysql_etl' retrieved from /opt/airflow/dags/postgres_to_mysql_etl.py
[2026-01-12T09:24:42.047+0000] {logging_mixin.py:188} INFO - [2026-01-12T09:24:42.046+0000] {dag.py:3036} INFO - Sync 1 DAGs
[2026-01-12T09:24:42.257+0000] {logging_mixin.py:188} INFO - [2026-01-12T09:24:42.256+0000] {dag.py:3823} INFO - Setting next_dagrun for postgres_to_mysql_etl to 2026-01-12 00:00:00+00:00, run_after=2026-01-12 06:00:00+00:00
[2026-01-12T09:24:42.348+0000] {processor.py:183} INFO - Processing /opt/airflow/dags/postgres_to_mysql_etl.py took 0.521 seconds
[2026-01-12T09:25:13.474+0000] {processor.py:161} INFO - Started process (PID=203) to work on /opt/airflow/dags/postgres_to_mysql_etl.py
[2026-01-12T09:25:13.477+0000] {processor.py:830} INFO - Processing file /opt/airflow/dags/postgres_to_mysql_etl.py for tasks to queue
[2026-01-12T09:25:13.487+0000] {logging_mixin.py:188} INFO - [2026-01-12T09:25:13.486+0000] {dagbag.py:538} INFO - Filling up the DagBag from /opt/airflow/dags/postgres_to_mysql_etl.py
[2026-01-12T09:25:15.106+0000] {processor.py:840} INFO - DAG(s) 'postgres_to_mysql_etl' retrieved from /opt/airflow/dags/postgres_to_mysql_etl.py
[2026-01-12T09:25:11.489+0000] {logging_mixin.py:188} INFO - [2026-01-12T09:25:11.488+0000] {dag.py:3036} INFO - Sync 1 DAGs
[2026-01-12T09:25:11.612+0000] {logging_mixin.py:188} INFO - [2026-01-12T09:25:11.611+0000] {dag.py:3823} INFO - Setting next_dagrun for postgres_to_mysql_etl to 2026-01-12 00:00:00+00:00, run_after=2026-01-12 06:00:00+00:00
[2026-01-12T09:25:11.746+0000] {processor.py:183} INFO - Processing /opt/airflow/dags/postgres_to_mysql_etl.py took 0.574 seconds
[2026-01-12T09:25:42.940+0000] {processor.py:161} INFO - Started process (PID=208) to work on /opt/airflow/dags/postgres_to_mysql_etl.py
[2026-01-12T09:25:42.945+0000] {processor.py:830} INFO - Processing file /opt/airflow/dags/postgres_to_mysql_etl.py for tasks to queue
[2026-01-12T09:25:42.948+0000] {logging_mixin.py:188} INFO - [2026-01-12T09:25:42.948+0000] {dagbag.py:538} INFO - Filling up the DagBag from /opt/airflow/dags/postgres_to_mysql_etl.py
[2026-01-12T09:25:39.227+0000] {processor.py:840} INFO - DAG(s) 'postgres_to_mysql_etl' retrieved from /opt/airflow/dags/postgres_to_mysql_etl.py
[2026-01-12T09:25:39.333+0000] {logging_mixin.py:188} INFO - [2026-01-12T09:25:39.332+0000] {dag.py:3036} INFO - Sync 1 DAGs
[2026-01-12T09:25:39.393+0000] {logging_mixin.py:188} INFO - [2026-01-12T09:25:39.392+0000] {dag.py:3823} INFO - Setting next_dagrun for postgres_to_mysql_etl to 2026-01-12 00:00:00+00:00, run_after=2026-01-12 06:00:00+00:00
[2026-01-12T09:25:39.469+0000] {processor.py:183} INFO - Processing /opt/airflow/dags/postgres_to_mysql_etl.py took 0.348 seconds
[2026-01-12T09:26:10.348+0000] {processor.py:161} INFO - Started process (PID=213) to work on /opt/airflow/dags/postgres_to_mysql_etl.py
[2026-01-12T09:26:10.351+0000] {processor.py:830} INFO - Processing file /opt/airflow/dags/postgres_to_mysql_etl.py for tasks to queue
[2026-01-12T09:26:10.354+0000] {logging_mixin.py:188} INFO - [2026-01-12T09:26:10.353+0000] {dagbag.py:538} INFO - Filling up the DagBag from /opt/airflow/dags/postgres_to_mysql_etl.py
[2026-01-12T09:26:10.399+0000] {processor.py:840} INFO - DAG(s) 'postgres_to_mysql_etl' retrieved from /opt/airflow/dags/postgres_to_mysql_etl.py
[2026-01-12T09:26:10.478+0000] {logging_mixin.py:188} INFO - [2026-01-12T09:26:10.477+0000] {dag.py:3036} INFO - Sync 1 DAGs
[2026-01-12T09:26:10.556+0000] {logging_mixin.py:188} INFO - [2026-01-12T09:26:10.555+0000] {dag.py:3823} INFO - Setting next_dagrun for postgres_to_mysql_etl to 2026-01-12 00:00:00+00:00, run_after=2026-01-12 06:00:00+00:00
[2026-01-12T09:26:10.615+0000] {processor.py:183} INFO - Processing /opt/airflow/dags/postgres_to_mysql_etl.py took 0.274 seconds
[2026-01-12T09:26:41.716+0000] {processor.py:161} INFO - Started process (PID=218) to work on /opt/airflow/dags/postgres_to_mysql_etl.py
[2026-01-12T09:26:41.718+0000] {processor.py:830} INFO - Processing file /opt/airflow/dags/postgres_to_mysql_etl.py for tasks to queue
[2026-01-12T09:26:41.721+0000] {logging_mixin.py:188} INFO - [2026-01-12T09:26:41.720+0000] {dagbag.py:538} INFO - Filling up the DagBag from /opt/airflow/dags/postgres_to_mysql_etl.py
[2026-01-12T09:26:41.778+0000] {processor.py:840} INFO - DAG(s) 'postgres_to_mysql_etl' retrieved from /opt/airflow/dags/postgres_to_mysql_etl.py
[2026-01-12T09:26:41.889+0000] {logging_mixin.py:188} INFO - [2026-01-12T09:26:41.888+0000] {dag.py:3036} INFO - Sync 1 DAGs
[2026-01-12T09:26:41.941+0000] {logging_mixin.py:188} INFO - [2026-01-12T09:26:41.940+0000] {dag.py:3823} INFO - Setting next_dagrun for postgres_to_mysql_etl to 2026-01-12 00:00:00+00:00, run_after=2026-01-12 06:00:00+00:00
[2026-01-12T09:26:41.992+0000] {processor.py:183} INFO - Processing /opt/airflow/dags/postgres_to_mysql_etl.py took 0.280 seconds
[2026-01-12T09:27:12.450+0000] {processor.py:161} INFO - Started process (PID=223) to work on /opt/airflow/dags/postgres_to_mysql_etl.py
[2026-01-12T09:27:12.463+0000] {processor.py:830} INFO - Processing file /opt/airflow/dags/postgres_to_mysql_etl.py for tasks to queue
[2026-01-12T09:27:12.472+0000] {logging_mixin.py:188} INFO - [2026-01-12T09:27:12.467+0000] {dagbag.py:538} INFO - Filling up the DagBag from /opt/airflow/dags/postgres_to_mysql_etl.py
[2026-01-12T09:27:12.651+0000] {processor.py:840} INFO - DAG(s) 'postgres_to_mysql_etl' retrieved from /opt/airflow/dags/postgres_to_mysql_etl.py
[2026-01-12T09:27:12.759+0000] {logging_mixin.py:188} INFO - [2026-01-12T09:27:12.759+0000] {dag.py:3036} INFO - Sync 1 DAGs
[2026-01-12T09:27:12.826+0000] {logging_mixin.py:188} INFO - [2026-01-12T09:27:12.826+0000] {dag.py:3823} INFO - Setting next_dagrun for postgres_to_mysql_etl to 2026-01-12 00:00:00+00:00, run_after=2026-01-12 06:00:00+00:00
[2026-01-12T09:27:12.879+0000] {processor.py:183} INFO - Processing /opt/airflow/dags/postgres_to_mysql_etl.py took 0.450 seconds
[2026-01-12T09:27:43.153+0000] {processor.py:161} INFO - Started process (PID=228) to work on /opt/airflow/dags/postgres_to_mysql_etl.py
[2026-01-12T09:27:43.155+0000] {processor.py:830} INFO - Processing file /opt/airflow/dags/postgres_to_mysql_etl.py for tasks to queue
[2026-01-12T09:27:43.159+0000] {logging_mixin.py:188} INFO - [2026-01-12T09:27:43.158+0000] {dagbag.py:538} INFO - Filling up the DagBag from /opt/airflow/dags/postgres_to_mysql_etl.py
[2026-01-12T09:27:43.199+0000] {processor.py:840} INFO - DAG(s) 'postgres_to_mysql_etl' retrieved from /opt/airflow/dags/postgres_to_mysql_etl.py
[2026-01-12T09:27:43.260+0000] {logging_mixin.py:188} INFO - [2026-01-12T09:27:43.259+0000] {dag.py:3036} INFO - Sync 1 DAGs
[2026-01-12T09:27:43.334+0000] {logging_mixin.py:188} INFO - [2026-01-12T09:27:43.332+0000] {dag.py:3823} INFO - Setting next_dagrun for postgres_to_mysql_etl to 2026-01-12 00:00:00+00:00, run_after=2026-01-12 06:00:00+00:00
[2026-01-12T09:27:43.445+0000] {processor.py:183} INFO - Processing /opt/airflow/dags/postgres_to_mysql_etl.py took 0.301 seconds
[2026-01-12T09:29:56.680+0000] {processor.py:161} INFO - Started process (PID=173) to work on /opt/airflow/dags/postgres_to_mysql_etl.py
[2026-01-12T09:29:56.684+0000] {processor.py:830} INFO - Processing file /opt/airflow/dags/postgres_to_mysql_etl.py for tasks to queue
[2026-01-12T09:29:56.687+0000] {logging_mixin.py:188} INFO - [2026-01-12T09:29:56.686+0000] {dagbag.py:538} INFO - Filling up the DagBag from /opt/airflow/dags/postgres_to_mysql_etl.py
[2026-01-12T09:29:56.765+0000] {processor.py:840} INFO - DAG(s) 'postgres_to_mysql_etl' retrieved from /opt/airflow/dags/postgres_to_mysql_etl.py
[2026-01-12T09:29:56.923+0000] {logging_mixin.py:188} INFO - [2026-01-12T09:29:56.923+0000] {dag.py:3036} INFO - Sync 1 DAGs
[2026-01-12T09:29:56.980+0000] {logging_mixin.py:188} INFO - [2026-01-12T09:29:56.980+0000] {dag.py:3823} INFO - Setting next_dagrun for postgres_to_mysql_etl to 2026-01-12 00:00:00+00:00, run_after=2026-01-12 06:00:00+00:00
[2026-01-12T09:29:57.027+0000] {processor.py:183} INFO - Processing /opt/airflow/dags/postgres_to_mysql_etl.py took 0.365 seconds
[2026-01-12T09:30:27.225+0000] {processor.py:161} INFO - Started process (PID=190) to work on /opt/airflow/dags/postgres_to_mysql_etl.py
[2026-01-12T09:30:27.227+0000] {processor.py:830} INFO - Processing file /opt/airflow/dags/postgres_to_mysql_etl.py for tasks to queue
[2026-01-12T09:30:27.229+0000] {logging_mixin.py:188} INFO - [2026-01-12T09:30:27.228+0000] {dagbag.py:538} INFO - Filling up the DagBag from /opt/airflow/dags/postgres_to_mysql_etl.py
[2026-01-12T09:30:27.382+0000] {processor.py:840} INFO - DAG(s) 'postgres_to_mysql_etl' retrieved from /opt/airflow/dags/postgres_to_mysql_etl.py
[2026-01-12T09:30:28.013+0000] {logging_mixin.py:188} INFO - [2026-01-12T09:30:28.013+0000] {dag.py:3036} INFO - Sync 1 DAGs
[2026-01-12T09:30:28.058+0000] {logging_mixin.py:188} INFO - [2026-01-12T09:30:28.058+0000] {dag.py:3823} INFO - Setting next_dagrun for postgres_to_mysql_etl to 2026-01-12 00:00:00+00:00, run_after=2026-01-12 06:00:00+00:00
[2026-01-12T09:30:28.107+0000] {processor.py:183} INFO - Processing /opt/airflow/dags/postgres_to_mysql_etl.py took 0.888 seconds
[2026-01-12T09:30:58.985+0000] {processor.py:161} INFO - Started process (PID=201) to work on /opt/airflow/dags/postgres_to_mysql_etl.py
[2026-01-12T09:30:58.987+0000] {processor.py:830} INFO - Processing file /opt/airflow/dags/postgres_to_mysql_etl.py for tasks to queue
[2026-01-12T09:30:58.989+0000] {logging_mixin.py:188} INFO - [2026-01-12T09:30:58.989+0000] {dagbag.py:538} INFO - Filling up the DagBag from /opt/airflow/dags/postgres_to_mysql_etl.py
[2026-01-12T09:30:59.038+0000] {processor.py:840} INFO - DAG(s) 'postgres_to_mysql_etl' retrieved from /opt/airflow/dags/postgres_to_mysql_etl.py
[2026-01-12T09:30:59.077+0000] {logging_mixin.py:188} INFO - [2026-01-12T09:30:59.077+0000] {dag.py:3036} INFO - Sync 1 DAGs
[2026-01-12T09:30:59.128+0000] {logging_mixin.py:188} INFO - [2026-01-12T09:30:59.128+0000] {dag.py:3823} INFO - Setting next_dagrun for postgres_to_mysql_etl to 2026-01-12 00:00:00+00:00, run_after=2026-01-12 06:00:00+00:00
[2026-01-12T09:30:59.171+0000] {processor.py:183} INFO - Processing /opt/airflow/dags/postgres_to_mysql_etl.py took 0.207 seconds
[2026-01-12T09:31:29.412+0000] {processor.py:161} INFO - Started process (PID=219) to work on /opt/airflow/dags/postgres_to_mysql_etl.py
[2026-01-12T09:31:29.424+0000] {processor.py:830} INFO - Processing file /opt/airflow/dags/postgres_to_mysql_etl.py for tasks to queue
[2026-01-12T09:31:29.436+0000] {logging_mixin.py:188} INFO - [2026-01-12T09:31:29.435+0000] {dagbag.py:538} INFO - Filling up the DagBag from /opt/airflow/dags/postgres_to_mysql_etl.py
[2026-01-12T09:31:29.603+0000] {processor.py:840} INFO - DAG(s) 'postgres_to_mysql_etl' retrieved from /opt/airflow/dags/postgres_to_mysql_etl.py
[2026-01-12T09:31:30.087+0000] {logging_mixin.py:188} INFO - [2026-01-12T09:31:30.086+0000] {dag.py:3036} INFO - Sync 1 DAGs
[2026-01-12T09:31:30.152+0000] {logging_mixin.py:188} INFO - [2026-01-12T09:31:30.152+0000] {dag.py:3823} INFO - Setting next_dagrun for postgres_to_mysql_etl to 2026-01-12 00:00:00+00:00, run_after=2026-01-12 06:00:00+00:00
[2026-01-12T09:31:30.221+0000] {processor.py:183} INFO - Processing /opt/airflow/dags/postgres_to_mysql_etl.py took 0.834 seconds
[2026-01-12T09:32:01.428+0000] {processor.py:161} INFO - Started process (PID=229) to work on /opt/airflow/dags/postgres_to_mysql_etl.py
[2026-01-12T09:32:01.433+0000] {processor.py:830} INFO - Processing file /opt/airflow/dags/postgres_to_mysql_etl.py for tasks to queue
[2026-01-12T09:32:01.445+0000] {logging_mixin.py:188} INFO - [2026-01-12T09:32:01.438+0000] {dagbag.py:538} INFO - Filling up the DagBag from /opt/airflow/dags/postgres_to_mysql_etl.py
[2026-01-12T09:32:01.796+0000] {processor.py:840} INFO - DAG(s) 'postgres_to_mysql_etl' retrieved from /opt/airflow/dags/postgres_to_mysql_etl.py
[2026-01-12T09:32:02.102+0000] {logging_mixin.py:188} INFO - [2026-01-12T09:32:02.101+0000] {dag.py:3036} INFO - Sync 1 DAGs
[2026-01-12T09:32:02.537+0000] {logging_mixin.py:188} INFO - [2026-01-12T09:32:02.537+0000] {dag.py:3823} INFO - Setting next_dagrun for postgres_to_mysql_etl to 2026-01-12 00:00:00+00:00, run_after=2026-01-12 06:00:00+00:00
[2026-01-12T09:32:02.613+0000] {processor.py:183} INFO - Processing /opt/airflow/dags/postgres_to_mysql_etl.py took 1.256 seconds
[2026-01-12T09:32:33.002+0000] {processor.py:161} INFO - Started process (PID=234) to work on /opt/airflow/dags/postgres_to_mysql_etl.py
[2026-01-12T09:32:33.010+0000] {processor.py:830} INFO - Processing file /opt/airflow/dags/postgres_to_mysql_etl.py for tasks to queue
[2026-01-12T09:32:33.012+0000] {logging_mixin.py:188} INFO - [2026-01-12T09:32:33.012+0000] {dagbag.py:538} INFO - Filling up the DagBag from /opt/airflow/dags/postgres_to_mysql_etl.py
[2026-01-12T09:32:33.193+0000] {processor.py:840} INFO - DAG(s) 'postgres_to_mysql_etl' retrieved from /opt/airflow/dags/postgres_to_mysql_etl.py
[2026-01-12T09:32:33.490+0000] {logging_mixin.py:188} INFO - [2026-01-12T09:32:33.490+0000] {dag.py:3036} INFO - Sync 1 DAGs
[2026-01-12T09:32:33.681+0000] {logging_mixin.py:188} INFO - [2026-01-12T09:32:33.681+0000] {dag.py:3823} INFO - Setting next_dagrun for postgres_to_mysql_etl to 2026-01-12 00:00:00+00:00, run_after=2026-01-12 06:00:00+00:00
[2026-01-12T09:32:33.779+0000] {processor.py:183} INFO - Processing /opt/airflow/dags/postgres_to_mysql_etl.py took 0.803 seconds
[2026-01-12T09:33:04.095+0000] {processor.py:161} INFO - Started process (PID=239) to work on /opt/airflow/dags/postgres_to_mysql_etl.py
[2026-01-12T09:33:04.098+0000] {processor.py:830} INFO - Processing file /opt/airflow/dags/postgres_to_mysql_etl.py for tasks to queue
[2026-01-12T09:33:04.102+0000] {logging_mixin.py:188} INFO - [2026-01-12T09:33:04.101+0000] {dagbag.py:538} INFO - Filling up the DagBag from /opt/airflow/dags/postgres_to_mysql_etl.py
[2026-01-12T09:33:04.158+0000] {processor.py:840} INFO - DAG(s) 'postgres_to_mysql_etl' retrieved from /opt/airflow/dags/postgres_to_mysql_etl.py
[2026-01-12T09:33:04.243+0000] {logging_mixin.py:188} INFO - [2026-01-12T09:33:04.243+0000] {dag.py:3036} INFO - Sync 1 DAGs
[2026-01-12T09:33:04.317+0000] {logging_mixin.py:188} INFO - [2026-01-12T09:33:04.316+0000] {dag.py:3823} INFO - Setting next_dagrun for postgres_to_mysql_etl to 2026-01-12 00:00:00+00:00, run_after=2026-01-12 06:00:00+00:00
[2026-01-12T09:33:04.367+0000] {processor.py:183} INFO - Processing /opt/airflow/dags/postgres_to_mysql_etl.py took 0.296 seconds
[2026-01-12T09:33:34.886+0000] {processor.py:161} INFO - Started process (PID=245) to work on /opt/airflow/dags/postgres_to_mysql_etl.py
[2026-01-12T09:33:34.908+0000] {processor.py:830} INFO - Processing file /opt/airflow/dags/postgres_to_mysql_etl.py for tasks to queue
[2026-01-12T09:33:34.919+0000] {logging_mixin.py:188} INFO - [2026-01-12T09:33:34.914+0000] {dagbag.py:538} INFO - Filling up the DagBag from /opt/airflow/dags/postgres_to_mysql_etl.py
[2026-01-12T09:33:31.320+0000] {processor.py:840} INFO - DAG(s) 'postgres_to_mysql_etl' retrieved from /opt/airflow/dags/postgres_to_mysql_etl.py
[2026-01-12T09:33:31.719+0000] {logging_mixin.py:188} INFO - [2026-01-12T09:33:31.719+0000] {dag.py:3036} INFO - Sync 1 DAGs
[2026-01-12T09:33:31.936+0000] {logging_mixin.py:188} INFO - [2026-01-12T09:33:31.935+0000] {dag.py:3823} INFO - Setting next_dagrun for postgres_to_mysql_etl to 2026-01-12 00:00:00+00:00, run_after=2026-01-12 06:00:00+00:00
[2026-01-12T09:33:32.198+0000] {processor.py:183} INFO - Processing /opt/airflow/dags/postgres_to_mysql_etl.py took 1.256 seconds
[2026-01-12T09:34:02.461+0000] {processor.py:161} INFO - Started process (PID=250) to work on /opt/airflow/dags/postgres_to_mysql_etl.py
[2026-01-12T09:34:02.463+0000] {processor.py:830} INFO - Processing file /opt/airflow/dags/postgres_to_mysql_etl.py for tasks to queue
[2026-01-12T09:34:02.467+0000] {logging_mixin.py:188} INFO - [2026-01-12T09:34:02.465+0000] {dagbag.py:538} INFO - Filling up the DagBag from /opt/airflow/dags/postgres_to_mysql_etl.py
[2026-01-12T09:34:02.576+0000] {processor.py:840} INFO - DAG(s) 'postgres_to_mysql_etl' retrieved from /opt/airflow/dags/postgres_to_mysql_etl.py
[2026-01-12T09:34:02.815+0000] {logging_mixin.py:188} INFO - [2026-01-12T09:34:02.814+0000] {dag.py:3036} INFO - Sync 1 DAGs
[2026-01-12T09:34:02.933+0000] {logging_mixin.py:188} INFO - [2026-01-12T09:34:02.931+0000] {dag.py:3823} INFO - Setting next_dagrun for postgres_to_mysql_etl to 2026-01-12 00:00:00+00:00, run_after=2026-01-12 06:00:00+00:00
[2026-01-12T09:34:02.997+0000] {processor.py:183} INFO - Processing /opt/airflow/dags/postgres_to_mysql_etl.py took 0.542 seconds
[2026-01-12T09:34:33.446+0000] {processor.py:161} INFO - Started process (PID=255) to work on /opt/airflow/dags/postgres_to_mysql_etl.py
[2026-01-12T09:34:33.453+0000] {processor.py:830} INFO - Processing file /opt/airflow/dags/postgres_to_mysql_etl.py for tasks to queue
[2026-01-12T09:34:33.456+0000] {logging_mixin.py:188} INFO - [2026-01-12T09:34:33.455+0000] {dagbag.py:538} INFO - Filling up the DagBag from /opt/airflow/dags/postgres_to_mysql_etl.py
[2026-01-12T09:34:33.520+0000] {processor.py:840} INFO - DAG(s) 'postgres_to_mysql_etl' retrieved from /opt/airflow/dags/postgres_to_mysql_etl.py
[2026-01-12T09:34:33.603+0000] {logging_mixin.py:188} INFO - [2026-01-12T09:34:33.602+0000] {dag.py:3036} INFO - Sync 1 DAGs
[2026-01-12T09:34:33.670+0000] {logging_mixin.py:188} INFO - [2026-01-12T09:34:33.670+0000] {dag.py:3823} INFO - Setting next_dagrun for postgres_to_mysql_etl to 2026-01-12 00:00:00+00:00, run_after=2026-01-12 06:00:00+00:00
[2026-01-12T09:34:33.778+0000] {processor.py:183} INFO - Processing /opt/airflow/dags/postgres_to_mysql_etl.py took 0.342 seconds
[2026-01-12T09:35:03.964+0000] {processor.py:161} INFO - Started process (PID=260) to work on /opt/airflow/dags/postgres_to_mysql_etl.py
[2026-01-12T09:35:03.968+0000] {processor.py:830} INFO - Processing file /opt/airflow/dags/postgres_to_mysql_etl.py for tasks to queue
[2026-01-12T09:35:03.970+0000] {logging_mixin.py:188} INFO - [2026-01-12T09:35:03.969+0000] {dagbag.py:538} INFO - Filling up the DagBag from /opt/airflow/dags/postgres_to_mysql_etl.py
[2026-01-12T09:35:04.035+0000] {processor.py:840} INFO - DAG(s) 'postgres_to_mysql_etl' retrieved from /opt/airflow/dags/postgres_to_mysql_etl.py
[2026-01-12T09:35:04.140+0000] {logging_mixin.py:188} INFO - [2026-01-12T09:35:04.140+0000] {dag.py:3036} INFO - Sync 1 DAGs
[2026-01-12T09:35:04.234+0000] {logging_mixin.py:188} INFO - [2026-01-12T09:35:04.233+0000] {dag.py:3823} INFO - Setting next_dagrun for postgres_to_mysql_etl to 2026-01-12 00:00:00+00:00, run_after=2026-01-12 06:00:00+00:00
[2026-01-12T09:35:04.289+0000] {processor.py:183} INFO - Processing /opt/airflow/dags/postgres_to_mysql_etl.py took 0.337 seconds
[2026-01-12T09:35:34.482+0000] {processor.py:161} INFO - Started process (PID=265) to work on /opt/airflow/dags/postgres_to_mysql_etl.py
[2026-01-12T09:35:34.487+0000] {processor.py:830} INFO - Processing file /opt/airflow/dags/postgres_to_mysql_etl.py for tasks to queue
[2026-01-12T09:35:34.489+0000] {logging_mixin.py:188} INFO - [2026-01-12T09:35:34.489+0000] {dagbag.py:538} INFO - Filling up the DagBag from /opt/airflow/dags/postgres_to_mysql_etl.py
[2026-01-12T09:35:34.567+0000] {processor.py:840} INFO - DAG(s) 'postgres_to_mysql_etl' retrieved from /opt/airflow/dags/postgres_to_mysql_etl.py
[2026-01-12T09:35:34.632+0000] {logging_mixin.py:188} INFO - [2026-01-12T09:35:34.631+0000] {dag.py:3036} INFO - Sync 1 DAGs
[2026-01-12T09:35:34.679+0000] {logging_mixin.py:188} INFO - [2026-01-12T09:35:34.679+0000] {dag.py:3823} INFO - Setting next_dagrun for postgres_to_mysql_etl to 2026-01-12 00:00:00+00:00, run_after=2026-01-12 06:00:00+00:00
[2026-01-12T09:35:34.745+0000] {processor.py:183} INFO - Processing /opt/airflow/dags/postgres_to_mysql_etl.py took 0.286 seconds
[2026-01-12T09:36:04.992+0000] {processor.py:161} INFO - Started process (PID=270) to work on /opt/airflow/dags/postgres_to_mysql_etl.py
[2026-01-12T09:36:04.995+0000] {processor.py:830} INFO - Processing file /opt/airflow/dags/postgres_to_mysql_etl.py for tasks to queue
[2026-01-12T09:36:04.997+0000] {logging_mixin.py:188} INFO - [2026-01-12T09:36:04.997+0000] {dagbag.py:538} INFO - Filling up the DagBag from /opt/airflow/dags/postgres_to_mysql_etl.py
[2026-01-12T09:36:05.076+0000] {processor.py:840} INFO - DAG(s) 'postgres_to_mysql_etl' retrieved from /opt/airflow/dags/postgres_to_mysql_etl.py
[2026-01-12T09:36:05.222+0000] {logging_mixin.py:188} INFO - [2026-01-12T09:36:05.221+0000] {dag.py:3036} INFO - Sync 1 DAGs
[2026-01-12T09:36:05.320+0000] {logging_mixin.py:188} INFO - [2026-01-12T09:36:05.320+0000] {dag.py:3823} INFO - Setting next_dagrun for postgres_to_mysql_etl to 2026-01-12 00:00:00+00:00, run_after=2026-01-12 06:00:00+00:00
[2026-01-12T09:36:05.401+0000] {processor.py:183} INFO - Processing /opt/airflow/dags/postgres_to_mysql_etl.py took 0.416 seconds
[2026-01-12T09:36:35.607+0000] {processor.py:161} INFO - Started process (PID=275) to work on /opt/airflow/dags/postgres_to_mysql_etl.py
[2026-01-12T09:36:35.622+0000] {processor.py:830} INFO - Processing file /opt/airflow/dags/postgres_to_mysql_etl.py for tasks to queue
[2026-01-12T09:36:35.625+0000] {logging_mixin.py:188} INFO - [2026-01-12T09:36:35.624+0000] {dagbag.py:538} INFO - Filling up the DagBag from /opt/airflow/dags/postgres_to_mysql_etl.py
[2026-01-12T09:36:35.706+0000] {processor.py:840} INFO - DAG(s) 'postgres_to_mysql_etl' retrieved from /opt/airflow/dags/postgres_to_mysql_etl.py
[2026-01-12T09:36:35.808+0000] {logging_mixin.py:188} INFO - [2026-01-12T09:36:35.807+0000] {dag.py:3036} INFO - Sync 1 DAGs
[2026-01-12T09:36:35.929+0000] {logging_mixin.py:188} INFO - [2026-01-12T09:36:35.929+0000] {dag.py:3823} INFO - Setting next_dagrun for postgres_to_mysql_etl to 2026-01-12 00:00:00+00:00, run_after=2026-01-12 06:00:00+00:00
[2026-01-12T09:36:36.034+0000] {processor.py:183} INFO - Processing /opt/airflow/dags/postgres_to_mysql_etl.py took 0.439 seconds
[2026-01-12T09:36:46.926+0000] {processor.py:161} INFO - Started process (PID=280) to work on /opt/airflow/dags/postgres_to_mysql_etl.py
[2026-01-12T09:36:46.931+0000] {processor.py:830} INFO - Processing file /opt/airflow/dags/postgres_to_mysql_etl.py for tasks to queue
[2026-01-12T09:36:46.939+0000] {logging_mixin.py:188} INFO - [2026-01-12T09:36:46.936+0000] {dagbag.py:538} INFO - Filling up the DagBag from /opt/airflow/dags/postgres_to_mysql_etl.py
[2026-01-12T09:36:48.579+0000] {processor.py:840} INFO - DAG(s) 'postgres_to_mysql_etl' retrieved from /opt/airflow/dags/postgres_to_mysql_etl.py
[2026-01-12T09:36:48.645+0000] {logging_mixin.py:188} INFO - [2026-01-12T09:36:48.644+0000] {dag.py:3036} INFO - Sync 1 DAGs
[2026-01-12T09:36:44.958+0000] {logging_mixin.py:188} INFO - [2026-01-12T09:36:44.958+0000] {dag.py:3823} INFO - Setting next_dagrun for postgres_to_mysql_etl to 2026-01-12 00:00:00+00:00, run_after=2026-01-12 06:00:00+00:00
[2026-01-12T09:36:45.090+0000] {processor.py:183} INFO - Processing /opt/airflow/dags/postgres_to_mysql_etl.py took 0.449 seconds
[2026-01-12T09:36:45.205+0000] {processor.py:161} INFO - Started process (PID=285) to work on /opt/airflow/dags/postgres_to_mysql_etl.py
[2026-01-12T09:36:45.207+0000] {processor.py:830} INFO - Processing file /opt/airflow/dags/postgres_to_mysql_etl.py for tasks to queue
[2026-01-12T09:36:45.211+0000] {logging_mixin.py:188} INFO - [2026-01-12T09:36:45.210+0000] {dagbag.py:538} INFO - Filling up the DagBag from /opt/airflow/dags/postgres_to_mysql_etl.py
[2026-01-12T09:36:45.270+0000] {processor.py:840} INFO - DAG(s) 'postgres_to_mysql_etl' retrieved from /opt/airflow/dags/postgres_to_mysql_etl.py
[2026-01-12T09:36:45.336+0000] {logging_mixin.py:188} INFO - [2026-01-12T09:36:45.335+0000] {dag.py:3036} INFO - Sync 1 DAGs
[2026-01-12T09:36:45.386+0000] {logging_mixin.py:188} INFO - [2026-01-12T09:36:45.386+0000] {dag.py:3823} INFO - Setting next_dagrun for postgres_to_mysql_etl to 2026-01-12 00:00:00+00:00, run_after=2026-01-12 06:00:00+00:00
[2026-01-12T09:36:45.442+0000] {processor.py:183} INFO - Processing /opt/airflow/dags/postgres_to_mysql_etl.py took 0.243 seconds
[2026-01-12T09:36:45.542+0000] {processor.py:161} INFO - Started process (PID=290) to work on /opt/airflow/dags/postgres_to_mysql_etl.py
[2026-01-12T09:36:45.546+0000] {processor.py:830} INFO - Processing file /opt/airflow/dags/postgres_to_mysql_etl.py for tasks to queue
[2026-01-12T09:36:45.550+0000] {logging_mixin.py:188} INFO - [2026-01-12T09:36:45.550+0000] {dagbag.py:538} INFO - Filling up the DagBag from /opt/airflow/dags/postgres_to_mysql_etl.py
[2026-01-12T09:36:45.596+0000] {processor.py:840} INFO - DAG(s) 'postgres_to_mysql_etl' retrieved from /opt/airflow/dags/postgres_to_mysql_etl.py
[2026-01-12T09:36:45.655+0000] {logging_mixin.py:188} INFO - [2026-01-12T09:36:45.654+0000] {dag.py:3036} INFO - Sync 1 DAGs
[2026-01-12T09:36:45.709+0000] {logging_mixin.py:188} INFO - [2026-01-12T09:36:45.708+0000] {dag.py:3823} INFO - Setting next_dagrun for postgres_to_mysql_etl to 2026-01-12 00:00:00+00:00, run_after=2026-01-12 06:00:00+00:00
[2026-01-12T09:36:45.758+0000] {processor.py:183} INFO - Processing /opt/airflow/dags/postgres_to_mysql_etl.py took 0.228 seconds
[2026-01-12T09:36:45.873+0000] {processor.py:161} INFO - Started process (PID=295) to work on /opt/airflow/dags/postgres_to_mysql_etl.py
[2026-01-12T09:36:45.875+0000] {processor.py:830} INFO - Processing file /opt/airflow/dags/postgres_to_mysql_etl.py for tasks to queue
[2026-01-12T09:36:45.879+0000] {logging_mixin.py:188} INFO - [2026-01-12T09:36:45.878+0000] {dagbag.py:538} INFO - Filling up the DagBag from /opt/airflow/dags/postgres_to_mysql_etl.py
[2026-01-12T09:36:45.923+0000] {processor.py:840} INFO - DAG(s) 'postgres_to_mysql_etl' retrieved from /opt/airflow/dags/postgres_to_mysql_etl.py
[2026-01-12T09:36:45.985+0000] {logging_mixin.py:188} INFO - [2026-01-12T09:36:45.984+0000] {dag.py:3036} INFO - Sync 1 DAGs
[2026-01-12T09:36:46.041+0000] {logging_mixin.py:188} INFO - [2026-01-12T09:36:46.041+0000] {dag.py:3823} INFO - Setting next_dagrun for postgres_to_mysql_etl to 2026-01-12 00:00:00+00:00, run_after=2026-01-12 06:00:00+00:00
[2026-01-12T09:36:46.138+0000] {processor.py:183} INFO - Processing /opt/airflow/dags/postgres_to_mysql_etl.py took 0.271 seconds
[2026-01-12T09:36:46.230+0000] {processor.py:161} INFO - Started process (PID=300) to work on /opt/airflow/dags/postgres_to_mysql_etl.py
[2026-01-12T09:36:46.233+0000] {processor.py:830} INFO - Processing file /opt/airflow/dags/postgres_to_mysql_etl.py for tasks to queue
[2026-01-12T09:36:46.236+0000] {logging_mixin.py:188} INFO - [2026-01-12T09:36:46.235+0000] {dagbag.py:538} INFO - Filling up the DagBag from /opt/airflow/dags/postgres_to_mysql_etl.py
[2026-01-12T09:36:46.281+0000] {processor.py:840} INFO - DAG(s) 'postgres_to_mysql_etl' retrieved from /opt/airflow/dags/postgres_to_mysql_etl.py
[2026-01-12T09:36:46.339+0000] {logging_mixin.py:188} INFO - [2026-01-12T09:36:46.339+0000] {dag.py:3036} INFO - Sync 1 DAGs
[2026-01-12T09:36:46.385+0000] {logging_mixin.py:188} INFO - [2026-01-12T09:36:46.384+0000] {dag.py:3823} INFO - Setting next_dagrun for postgres_to_mysql_etl to 2026-01-12 00:00:00+00:00, run_after=2026-01-12 06:00:00+00:00
[2026-01-12T09:36:46.439+0000] {processor.py:183} INFO - Processing /opt/airflow/dags/postgres_to_mysql_etl.py took 0.215 seconds
[2026-01-12T09:36:46.548+0000] {processor.py:161} INFO - Started process (PID=305) to work on /opt/airflow/dags/postgres_to_mysql_etl.py
[2026-01-12T09:36:46.551+0000] {processor.py:830} INFO - Processing file /opt/airflow/dags/postgres_to_mysql_etl.py for tasks to queue
[2026-01-12T09:36:46.557+0000] {logging_mixin.py:188} INFO - [2026-01-12T09:36:46.556+0000] {dagbag.py:538} INFO - Filling up the DagBag from /opt/airflow/dags/postgres_to_mysql_etl.py
[2026-01-12T09:36:46.617+0000] {processor.py:840} INFO - DAG(s) 'postgres_to_mysql_etl' retrieved from /opt/airflow/dags/postgres_to_mysql_etl.py
[2026-01-12T09:36:46.701+0000] {logging_mixin.py:188} INFO - [2026-01-12T09:36:46.700+0000] {dag.py:3036} INFO - Sync 1 DAGs
[2026-01-12T09:36:46.762+0000] {logging_mixin.py:188} INFO - [2026-01-12T09:36:46.762+0000] {dag.py:3823} INFO - Setting next_dagrun for postgres_to_mysql_etl to 2026-01-12 00:00:00+00:00, run_after=2026-01-12 06:00:00+00:00
[2026-01-12T09:36:46.834+0000] {processor.py:183} INFO - Processing /opt/airflow/dags/postgres_to_mysql_etl.py took 0.303 seconds
[2026-01-12T09:36:46.960+0000] {processor.py:161} INFO - Started process (PID=310) to work on /opt/airflow/dags/postgres_to_mysql_etl.py
[2026-01-12T09:36:46.967+0000] {processor.py:830} INFO - Processing file /opt/airflow/dags/postgres_to_mysql_etl.py for tasks to queue
[2026-01-12T09:36:46.969+0000] {logging_mixin.py:188} INFO - [2026-01-12T09:36:46.969+0000] {dagbag.py:538} INFO - Filling up the DagBag from /opt/airflow/dags/postgres_to_mysql_etl.py
[2026-01-12T09:36:47.023+0000] {processor.py:840} INFO - DAG(s) 'postgres_to_mysql_etl' retrieved from /opt/airflow/dags/postgres_to_mysql_etl.py
[2026-01-12T09:36:47.074+0000] {logging_mixin.py:188} INFO - [2026-01-12T09:36:47.074+0000] {dag.py:3036} INFO - Sync 1 DAGs
[2026-01-12T09:36:47.115+0000] {logging_mixin.py:188} INFO - [2026-01-12T09:36:47.115+0000] {dag.py:3823} INFO - Setting next_dagrun for postgres_to_mysql_etl to 2026-01-12 00:00:00+00:00, run_after=2026-01-12 06:00:00+00:00
[2026-01-12T09:36:47.178+0000] {processor.py:183} INFO - Processing /opt/airflow/dags/postgres_to_mysql_etl.py took 0.225 seconds
[2026-01-12T09:36:47.292+0000] {processor.py:161} INFO - Started process (PID=315) to work on /opt/airflow/dags/postgres_to_mysql_etl.py
[2026-01-12T09:36:47.295+0000] {processor.py:830} INFO - Processing file /opt/airflow/dags/postgres_to_mysql_etl.py for tasks to queue
[2026-01-12T09:36:47.297+0000] {logging_mixin.py:188} INFO - [2026-01-12T09:36:47.297+0000] {dagbag.py:538} INFO - Filling up the DagBag from /opt/airflow/dags/postgres_to_mysql_etl.py
[2026-01-12T09:36:47.371+0000] {processor.py:840} INFO - DAG(s) 'postgres_to_mysql_etl' retrieved from /opt/airflow/dags/postgres_to_mysql_etl.py
[2026-01-12T09:36:47.442+0000] {logging_mixin.py:188} INFO - [2026-01-12T09:36:47.441+0000] {dag.py:3036} INFO - Sync 1 DAGs
[2026-01-12T09:36:47.507+0000] {logging_mixin.py:188} INFO - [2026-01-12T09:36:47.507+0000] {dag.py:3823} INFO - Setting next_dagrun for postgres_to_mysql_etl to 2026-01-12 00:00:00+00:00, run_after=2026-01-12 06:00:00+00:00
[2026-01-12T09:36:47.552+0000] {processor.py:183} INFO - Processing /opt/airflow/dags/postgres_to_mysql_etl.py took 0.270 seconds
[2026-01-12T09:36:47.654+0000] {processor.py:161} INFO - Started process (PID=320) to work on /opt/airflow/dags/postgres_to_mysql_etl.py
[2026-01-12T09:36:47.661+0000] {processor.py:830} INFO - Processing file /opt/airflow/dags/postgres_to_mysql_etl.py for tasks to queue
[2026-01-12T09:36:47.664+0000] {logging_mixin.py:188} INFO - [2026-01-12T09:36:47.663+0000] {dagbag.py:538} INFO - Filling up the DagBag from /opt/airflow/dags/postgres_to_mysql_etl.py
[2026-01-12T09:36:47.737+0000] {processor.py:840} INFO - DAG(s) 'postgres_to_mysql_etl' retrieved from /opt/airflow/dags/postgres_to_mysql_etl.py
[2026-01-12T09:36:47.793+0000] {logging_mixin.py:188} INFO - [2026-01-12T09:36:47.792+0000] {dag.py:3036} INFO - Sync 1 DAGs
[2026-01-12T09:36:47.845+0000] {logging_mixin.py:188} INFO - [2026-01-12T09:36:47.844+0000] {dag.py:3823} INFO - Setting next_dagrun for postgres_to_mysql_etl to 2026-01-12 00:00:00+00:00, run_after=2026-01-12 06:00:00+00:00
[2026-01-12T09:36:47.889+0000] {processor.py:183} INFO - Processing /opt/airflow/dags/postgres_to_mysql_etl.py took 0.245 seconds
[2026-01-12T09:36:47.994+0000] {processor.py:161} INFO - Started process (PID=325) to work on /opt/airflow/dags/postgres_to_mysql_etl.py
[2026-01-12T09:36:47.996+0000] {processor.py:830} INFO - Processing file /opt/airflow/dags/postgres_to_mysql_etl.py for tasks to queue
[2026-01-12T09:36:47.998+0000] {logging_mixin.py:188} INFO - [2026-01-12T09:36:47.997+0000] {dagbag.py:538} INFO - Filling up the DagBag from /opt/airflow/dags/postgres_to_mysql_etl.py
[2026-01-12T09:36:48.039+0000] {processor.py:840} INFO - DAG(s) 'postgres_to_mysql_etl' retrieved from /opt/airflow/dags/postgres_to_mysql_etl.py
[2026-01-12T09:36:48.092+0000] {logging_mixin.py:188} INFO - [2026-01-12T09:36:48.091+0000] {dag.py:3036} INFO - Sync 1 DAGs
[2026-01-12T09:36:48.137+0000] {logging_mixin.py:188} INFO - [2026-01-12T09:36:48.137+0000] {dag.py:3823} INFO - Setting next_dagrun for postgres_to_mysql_etl to 2026-01-12 00:00:00+00:00, run_after=2026-01-12 06:00:00+00:00
[2026-01-12T09:36:48.195+0000] {processor.py:183} INFO - Processing /opt/airflow/dags/postgres_to_mysql_etl.py took 0.208 seconds
[2026-01-12T09:37:18.368+0000] {processor.py:161} INFO - Started process (PID=330) to work on /opt/airflow/dags/postgres_to_mysql_etl.py
[2026-01-12T09:37:18.370+0000] {processor.py:830} INFO - Processing file /opt/airflow/dags/postgres_to_mysql_etl.py for tasks to queue
[2026-01-12T09:37:18.374+0000] {logging_mixin.py:188} INFO - [2026-01-12T09:37:18.373+0000] {dagbag.py:538} INFO - Filling up the DagBag from /opt/airflow/dags/postgres_to_mysql_etl.py
[2026-01-12T09:37:18.460+0000] {processor.py:840} INFO - DAG(s) 'postgres_to_mysql_etl' retrieved from /opt/airflow/dags/postgres_to_mysql_etl.py
[2026-01-12T09:37:18.558+0000] {logging_mixin.py:188} INFO - [2026-01-12T09:37:18.558+0000] {dag.py:3036} INFO - Sync 1 DAGs
[2026-01-12T09:37:18.638+0000] {logging_mixin.py:188} INFO - [2026-01-12T09:37:18.637+0000] {dag.py:3823} INFO - Setting next_dagrun for postgres_to_mysql_etl to 2026-01-12 00:00:00+00:00, run_after=2026-01-12 06:00:00+00:00
[2026-01-12T09:37:18.720+0000] {processor.py:183} INFO - Processing /opt/airflow/dags/postgres_to_mysql_etl.py took 0.366 seconds
[2026-01-12T09:37:48.991+0000] {processor.py:161} INFO - Started process (PID=335) to work on /opt/airflow/dags/postgres_to_mysql_etl.py
[2026-01-12T09:37:48.993+0000] {processor.py:830} INFO - Processing file /opt/airflow/dags/postgres_to_mysql_etl.py for tasks to queue
[2026-01-12T09:37:48.996+0000] {logging_mixin.py:188} INFO - [2026-01-12T09:37:48.996+0000] {dagbag.py:538} INFO - Filling up the DagBag from /opt/airflow/dags/postgres_to_mysql_etl.py
[2026-01-12T09:37:49.049+0000] {processor.py:840} INFO - DAG(s) 'postgres_to_mysql_etl' retrieved from /opt/airflow/dags/postgres_to_mysql_etl.py
[2026-01-12T09:37:49.141+0000] {logging_mixin.py:188} INFO - [2026-01-12T09:37:49.140+0000] {dag.py:3036} INFO - Sync 1 DAGs
[2026-01-12T09:37:49.204+0000] {logging_mixin.py:188} INFO - [2026-01-12T09:37:49.204+0000] {dag.py:3823} INFO - Setting next_dagrun for postgres_to_mysql_etl to 2026-01-12 00:00:00+00:00, run_after=2026-01-12 06:00:00+00:00
[2026-01-12T09:37:49.262+0000] {processor.py:183} INFO - Processing /opt/airflow/dags/postgres_to_mysql_etl.py took 0.323 seconds
[2026-01-12T09:38:19.409+0000] {processor.py:161} INFO - Started process (PID=340) to work on /opt/airflow/dags/postgres_to_mysql_etl.py
[2026-01-12T09:38:19.412+0000] {processor.py:830} INFO - Processing file /opt/airflow/dags/postgres_to_mysql_etl.py for tasks to queue
[2026-01-12T09:38:19.415+0000] {logging_mixin.py:188} INFO - [2026-01-12T09:38:19.414+0000] {dagbag.py:538} INFO - Filling up the DagBag from /opt/airflow/dags/postgres_to_mysql_etl.py
[2026-01-12T09:38:19.467+0000] {processor.py:840} INFO - DAG(s) 'postgres_to_mysql_etl' retrieved from /opt/airflow/dags/postgres_to_mysql_etl.py
[2026-01-12T09:38:19.555+0000] {logging_mixin.py:188} INFO - [2026-01-12T09:38:19.554+0000] {dag.py:3036} INFO - Sync 1 DAGs
[2026-01-12T09:38:19.631+0000] {logging_mixin.py:188} INFO - [2026-01-12T09:38:19.631+0000] {dag.py:3823} INFO - Setting next_dagrun for postgres_to_mysql_etl to 2026-01-12 00:00:00+00:00, run_after=2026-01-12 06:00:00+00:00
[2026-01-12T09:38:19.824+0000] {processor.py:183} INFO - Processing /opt/airflow/dags/postgres_to_mysql_etl.py took 0.420 seconds
[2026-01-12T09:38:50.438+0000] {processor.py:161} INFO - Started process (PID=345) to work on /opt/airflow/dags/postgres_to_mysql_etl.py
[2026-01-12T09:38:50.441+0000] {processor.py:830} INFO - Processing file /opt/airflow/dags/postgres_to_mysql_etl.py for tasks to queue
[2026-01-12T09:38:50.446+0000] {logging_mixin.py:188} INFO - [2026-01-12T09:38:50.445+0000] {dagbag.py:538} INFO - Filling up the DagBag from /opt/airflow/dags/postgres_to_mysql_etl.py
[2026-01-12T09:38:50.498+0000] {processor.py:840} INFO - DAG(s) 'postgres_to_mysql_etl' retrieved from /opt/airflow/dags/postgres_to_mysql_etl.py
[2026-01-12T09:38:50.578+0000] {logging_mixin.py:188} INFO - [2026-01-12T09:38:50.577+0000] {dag.py:3036} INFO - Sync 1 DAGs
[2026-01-12T09:38:50.718+0000] {logging_mixin.py:188} INFO - [2026-01-12T09:38:50.717+0000] {dag.py:3823} INFO - Setting next_dagrun for postgres_to_mysql_etl to 2026-01-12 00:00:00+00:00, run_after=2026-01-12 06:00:00+00:00
[2026-01-12T09:38:50.801+0000] {processor.py:183} INFO - Processing /opt/airflow/dags/postgres_to_mysql_etl.py took 0.386 seconds
[2026-01-12T09:39:20.989+0000] {processor.py:161} INFO - Started process (PID=350) to work on /opt/airflow/dags/postgres_to_mysql_etl.py
[2026-01-12T09:39:20.991+0000] {processor.py:830} INFO - Processing file /opt/airflow/dags/postgres_to_mysql_etl.py for tasks to queue
[2026-01-12T09:39:20.995+0000] {logging_mixin.py:188} INFO - [2026-01-12T09:39:20.994+0000] {dagbag.py:538} INFO - Filling up the DagBag from /opt/airflow/dags/postgres_to_mysql_etl.py
[2026-01-12T09:39:21.055+0000] {processor.py:840} INFO - DAG(s) 'postgres_to_mysql_etl' retrieved from /opt/airflow/dags/postgres_to_mysql_etl.py
[2026-01-12T09:39:21.126+0000] {logging_mixin.py:188} INFO - [2026-01-12T09:39:21.126+0000] {dag.py:3036} INFO - Sync 1 DAGs
[2026-01-12T09:39:21.258+0000] {logging_mixin.py:188} INFO - [2026-01-12T09:39:21.257+0000] {dag.py:3823} INFO - Setting next_dagrun for postgres_to_mysql_etl to 2026-01-12 00:00:00+00:00, run_after=2026-01-12 06:00:00+00:00
[2026-01-12T09:39:21.356+0000] {processor.py:183} INFO - Processing /opt/airflow/dags/postgres_to_mysql_etl.py took 0.372 seconds
[2026-01-12T09:39:51.565+0000] {processor.py:161} INFO - Started process (PID=355) to work on /opt/airflow/dags/postgres_to_mysql_etl.py
[2026-01-12T09:39:51.571+0000] {processor.py:830} INFO - Processing file /opt/airflow/dags/postgres_to_mysql_etl.py for tasks to queue
[2026-01-12T09:39:51.575+0000] {logging_mixin.py:188} INFO - [2026-01-12T09:39:51.574+0000] {dagbag.py:538} INFO - Filling up the DagBag from /opt/airflow/dags/postgres_to_mysql_etl.py
[2026-01-12T09:39:51.680+0000] {processor.py:840} INFO - DAG(s) 'postgres_to_mysql_etl' retrieved from /opt/airflow/dags/postgres_to_mysql_etl.py
[2026-01-12T09:39:51.773+0000] {logging_mixin.py:188} INFO - [2026-01-12T09:39:51.773+0000] {dag.py:3036} INFO - Sync 1 DAGs
[2026-01-12T09:39:51.941+0000] {logging_mixin.py:188} INFO - [2026-01-12T09:39:51.941+0000] {dag.py:3823} INFO - Setting next_dagrun for postgres_to_mysql_etl to 2026-01-12 00:00:00+00:00, run_after=2026-01-12 06:00:00+00:00
[2026-01-12T09:39:52.016+0000] {processor.py:183} INFO - Processing /opt/airflow/dags/postgres_to_mysql_etl.py took 0.462 seconds
[2026-01-12T09:40:22.241+0000] {processor.py:161} INFO - Started process (PID=360) to work on /opt/airflow/dags/postgres_to_mysql_etl.py
[2026-01-12T09:40:22.276+0000] {processor.py:830} INFO - Processing file /opt/airflow/dags/postgres_to_mysql_etl.py for tasks to queue
[2026-01-12T09:40:22.288+0000] {logging_mixin.py:188} INFO - [2026-01-12T09:40:22.287+0000] {dagbag.py:538} INFO - Filling up the DagBag from /opt/airflow/dags/postgres_to_mysql_etl.py
[2026-01-12T09:40:22.424+0000] {processor.py:840} INFO - DAG(s) 'postgres_to_mysql_etl' retrieved from /opt/airflow/dags/postgres_to_mysql_etl.py
[2026-01-12T09:40:22.619+0000] {logging_mixin.py:188} INFO - [2026-01-12T09:40:22.618+0000] {dag.py:3036} INFO - Sync 1 DAGs
[2026-01-12T09:40:22.676+0000] {logging_mixin.py:188} INFO - [2026-01-12T09:40:22.676+0000] {dag.py:3823} INFO - Setting next_dagrun for postgres_to_mysql_etl to 2026-01-12 00:00:00+00:00, run_after=2026-01-12 06:00:00+00:00
[2026-01-12T09:40:22.740+0000] {processor.py:183} INFO - Processing /opt/airflow/dags/postgres_to_mysql_etl.py took 0.504 seconds
[2026-01-12T09:40:53.126+0000] {processor.py:161} INFO - Started process (PID=365) to work on /opt/airflow/dags/postgres_to_mysql_etl.py
[2026-01-12T09:40:53.132+0000] {processor.py:830} INFO - Processing file /opt/airflow/dags/postgres_to_mysql_etl.py for tasks to queue
[2026-01-12T09:40:53.134+0000] {logging_mixin.py:188} INFO - [2026-01-12T09:40:53.134+0000] {dagbag.py:538} INFO - Filling up the DagBag from /opt/airflow/dags/postgres_to_mysql_etl.py
[2026-01-12T09:40:53.211+0000] {processor.py:840} INFO - DAG(s) 'postgres_to_mysql_etl' retrieved from /opt/airflow/dags/postgres_to_mysql_etl.py
[2026-01-12T09:40:53.310+0000] {logging_mixin.py:188} INFO - [2026-01-12T09:40:53.310+0000] {dag.py:3036} INFO - Sync 1 DAGs
[2026-01-12T09:40:53.414+0000] {logging_mixin.py:188} INFO - [2026-01-12T09:40:53.407+0000] {dag.py:3823} INFO - Setting next_dagrun for postgres_to_mysql_etl to 2026-01-12 00:00:00+00:00, run_after=2026-01-12 06:00:00+00:00
[2026-01-12T09:40:53.485+0000] {processor.py:183} INFO - Processing /opt/airflow/dags/postgres_to_mysql_etl.py took 0.383 seconds
[2026-01-12T09:41:24.735+0000] {processor.py:161} INFO - Started process (PID=370) to work on /opt/airflow/dags/postgres_to_mysql_etl.py
[2026-01-12T09:41:24.738+0000] {processor.py:830} INFO - Processing file /opt/airflow/dags/postgres_to_mysql_etl.py for tasks to queue
[2026-01-12T09:41:24.741+0000] {logging_mixin.py:188} INFO - [2026-01-12T09:41:24.740+0000] {dagbag.py:538} INFO - Filling up the DagBag from /opt/airflow/dags/postgres_to_mysql_etl.py
[2026-01-12T09:41:24.795+0000] {processor.py:840} INFO - DAG(s) 'postgres_to_mysql_etl' retrieved from /opt/airflow/dags/postgres_to_mysql_etl.py
[2026-01-12T09:41:24.870+0000] {logging_mixin.py:188} INFO - [2026-01-12T09:41:24.870+0000] {dag.py:3036} INFO - Sync 1 DAGs
[2026-01-12T09:41:24.933+0000] {logging_mixin.py:188} INFO - [2026-01-12T09:41:24.933+0000] {dag.py:3823} INFO - Setting next_dagrun for postgres_to_mysql_etl to 2026-01-12 00:00:00+00:00, run_after=2026-01-12 06:00:00+00:00
[2026-01-12T09:41:25.008+0000] {processor.py:183} INFO - Processing /opt/airflow/dags/postgres_to_mysql_etl.py took 0.280 seconds
[2026-01-12T09:41:29.078+0000] {processor.py:161} INFO - Started process (PID=375) to work on /opt/airflow/dags/postgres_to_mysql_etl.py
[2026-01-12T09:41:29.081+0000] {processor.py:830} INFO - Processing file /opt/airflow/dags/postgres_to_mysql_etl.py for tasks to queue
[2026-01-12T09:41:29.096+0000] {logging_mixin.py:188} INFO - [2026-01-12T09:41:29.092+0000] {dagbag.py:538} INFO - Filling up the DagBag from /opt/airflow/dags/postgres_to_mysql_etl.py
[2026-01-12T09:41:29.259+0000] {processor.py:840} INFO - DAG(s) 'postgres_to_mysql_etl' retrieved from /opt/airflow/dags/postgres_to_mysql_etl.py
[2026-01-12T09:41:29.449+0000] {logging_mixin.py:188} INFO - [2026-01-12T09:41:29.449+0000] {dag.py:3036} INFO - Sync 1 DAGs
[2026-01-12T09:41:29.578+0000] {logging_mixin.py:188} INFO - [2026-01-12T09:41:29.577+0000] {dag.py:3823} INFO - Setting next_dagrun for postgres_to_mysql_etl to 2026-01-12 00:00:00+00:00, run_after=2026-01-12 06:00:00+00:00
[2026-01-12T09:41:29.682+0000] {processor.py:183} INFO - Processing /opt/airflow/dags/postgres_to_mysql_etl.py took 0.637 seconds
[2026-01-12T09:41:29.793+0000] {processor.py:161} INFO - Started process (PID=380) to work on /opt/airflow/dags/postgres_to_mysql_etl.py
[2026-01-12T09:41:29.795+0000] {processor.py:830} INFO - Processing file /opt/airflow/dags/postgres_to_mysql_etl.py for tasks to queue
[2026-01-12T09:41:29.798+0000] {logging_mixin.py:188} INFO - [2026-01-12T09:41:29.798+0000] {dagbag.py:538} INFO - Filling up the DagBag from /opt/airflow/dags/postgres_to_mysql_etl.py
[2026-01-12T09:41:29.847+0000] {processor.py:840} INFO - DAG(s) 'postgres_to_mysql_etl' retrieved from /opt/airflow/dags/postgres_to_mysql_etl.py
[2026-01-12T09:41:29.935+0000] {logging_mixin.py:188} INFO - [2026-01-12T09:41:29.935+0000] {dag.py:3036} INFO - Sync 1 DAGs
[2026-01-12T09:41:30.043+0000] {logging_mixin.py:188} INFO - [2026-01-12T09:41:30.042+0000] {dag.py:3823} INFO - Setting next_dagrun for postgres_to_mysql_etl to 2026-01-12 00:00:00+00:00, run_after=2026-01-12 06:00:00+00:00
[2026-01-12T09:41:30.127+0000] {processor.py:183} INFO - Processing /opt/airflow/dags/postgres_to_mysql_etl.py took 0.351 seconds
[2026-01-12T09:41:30.224+0000] {processor.py:161} INFO - Started process (PID=385) to work on /opt/airflow/dags/postgres_to_mysql_etl.py
[2026-01-12T09:41:30.226+0000] {processor.py:830} INFO - Processing file /opt/airflow/dags/postgres_to_mysql_etl.py for tasks to queue
[2026-01-12T09:41:30.229+0000] {logging_mixin.py:188} INFO - [2026-01-12T09:41:30.228+0000] {dagbag.py:538} INFO - Filling up the DagBag from /opt/airflow/dags/postgres_to_mysql_etl.py
[2026-01-12T09:41:30.288+0000] {processor.py:840} INFO - DAG(s) 'postgres_to_mysql_etl' retrieved from /opt/airflow/dags/postgres_to_mysql_etl.py
[2026-01-12T09:41:30.358+0000] {logging_mixin.py:188} INFO - [2026-01-12T09:41:30.357+0000] {dag.py:3036} INFO - Sync 1 DAGs
[2026-01-12T09:41:30.411+0000] {logging_mixin.py:188} INFO - [2026-01-12T09:41:30.410+0000] {dag.py:3823} INFO - Setting next_dagrun for postgres_to_mysql_etl to 2026-01-12 00:00:00+00:00, run_after=2026-01-12 06:00:00+00:00
[2026-01-12T09:41:30.464+0000] {processor.py:183} INFO - Processing /opt/airflow/dags/postgres_to_mysql_etl.py took 0.247 seconds
[2026-01-12T09:41:30.560+0000] {processor.py:161} INFO - Started process (PID=390) to work on /opt/airflow/dags/postgres_to_mysql_etl.py
[2026-01-12T09:41:30.563+0000] {processor.py:830} INFO - Processing file /opt/airflow/dags/postgres_to_mysql_etl.py for tasks to queue
[2026-01-12T09:41:30.565+0000] {logging_mixin.py:188} INFO - [2026-01-12T09:41:30.565+0000] {dagbag.py:538} INFO - Filling up the DagBag from /opt/airflow/dags/postgres_to_mysql_etl.py
[2026-01-12T09:41:30.610+0000] {processor.py:840} INFO - DAG(s) 'postgres_to_mysql_etl' retrieved from /opt/airflow/dags/postgres_to_mysql_etl.py
[2026-01-12T09:41:30.665+0000] {logging_mixin.py:188} INFO - [2026-01-12T09:41:30.665+0000] {dag.py:3036} INFO - Sync 1 DAGs
[2026-01-12T09:41:30.708+0000] {logging_mixin.py:188} INFO - [2026-01-12T09:41:30.707+0000] {dag.py:3823} INFO - Setting next_dagrun for postgres_to_mysql_etl to 2026-01-12 00:00:00+00:00, run_after=2026-01-12 06:00:00+00:00
[2026-01-12T09:41:30.751+0000] {processor.py:183} INFO - Processing /opt/airflow/dags/postgres_to_mysql_etl.py took 0.198 seconds
[2026-01-12T09:41:30.838+0000] {processor.py:161} INFO - Started process (PID=395) to work on /opt/airflow/dags/postgres_to_mysql_etl.py
[2026-01-12T09:41:30.842+0000] {processor.py:830} INFO - Processing file /opt/airflow/dags/postgres_to_mysql_etl.py for tasks to queue
[2026-01-12T09:41:30.845+0000] {logging_mixin.py:188} INFO - [2026-01-12T09:41:30.844+0000] {dagbag.py:538} INFO - Filling up the DagBag from /opt/airflow/dags/postgres_to_mysql_etl.py
[2026-01-12T09:41:30.913+0000] {processor.py:840} INFO - DAG(s) 'postgres_to_mysql_etl' retrieved from /opt/airflow/dags/postgres_to_mysql_etl.py
[2026-01-12T09:41:31.051+0000] {logging_mixin.py:188} INFO - [2026-01-12T09:41:31.051+0000] {dag.py:3036} INFO - Sync 1 DAGs
[2026-01-12T09:41:31.194+0000] {logging_mixin.py:188} INFO - [2026-01-12T09:41:31.193+0000] {dag.py:3823} INFO - Setting next_dagrun for postgres_to_mysql_etl to 2026-01-12 00:00:00+00:00, run_after=2026-01-12 06:00:00+00:00
[2026-01-12T09:41:31.507+0000] {processor.py:183} INFO - Processing /opt/airflow/dags/postgres_to_mysql_etl.py took 0.677 seconds
[2026-01-12T09:41:32.132+0000] {processor.py:161} INFO - Started process (PID=400) to work on /opt/airflow/dags/postgres_to_mysql_etl.py
[2026-01-12T09:41:32.143+0000] {processor.py:830} INFO - Processing file /opt/airflow/dags/postgres_to_mysql_etl.py for tasks to queue
[2026-01-12T09:41:32.148+0000] {logging_mixin.py:188} INFO - [2026-01-12T09:41:32.147+0000] {dagbag.py:538} INFO - Filling up the DagBag from /opt/airflow/dags/postgres_to_mysql_etl.py
[2026-01-12T09:41:32.227+0000] {processor.py:840} INFO - DAG(s) 'postgres_to_mysql_etl' retrieved from /opt/airflow/dags/postgres_to_mysql_etl.py
[2026-01-12T09:41:32.357+0000] {logging_mixin.py:188} INFO - [2026-01-12T09:41:32.356+0000] {dag.py:3036} INFO - Sync 1 DAGs
[2026-01-12T09:41:32.456+0000] {logging_mixin.py:188} INFO - [2026-01-12T09:41:32.455+0000] {dag.py:3823} INFO - Setting next_dagrun for postgres_to_mysql_etl to 2026-01-12 00:00:00+00:00, run_after=2026-01-12 06:00:00+00:00
[2026-01-12T09:41:32.579+0000] {processor.py:183} INFO - Processing /opt/airflow/dags/postgres_to_mysql_etl.py took 0.463 seconds
[2026-01-12T09:42:04.483+0000] {processor.py:161} INFO - Started process (PID=405) to work on /opt/airflow/dags/postgres_to_mysql_etl.py
[2026-01-12T09:42:04.486+0000] {processor.py:830} INFO - Processing file /opt/airflow/dags/postgres_to_mysql_etl.py for tasks to queue
[2026-01-12T09:42:04.495+0000] {logging_mixin.py:188} INFO - [2026-01-12T09:42:04.494+0000] {dagbag.py:538} INFO - Filling up the DagBag from /opt/airflow/dags/postgres_to_mysql_etl.py
[2026-01-12T09:42:04.595+0000] {processor.py:840} INFO - DAG(s) 'postgres_to_mysql_etl' retrieved from /opt/airflow/dags/postgres_to_mysql_etl.py
[2026-01-12T09:42:04.710+0000] {logging_mixin.py:188} INFO - [2026-01-12T09:42:04.709+0000] {dag.py:3036} INFO - Sync 1 DAGs
[2026-01-12T09:42:04.807+0000] {logging_mixin.py:188} INFO - [2026-01-12T09:42:04.806+0000] {dag.py:3823} INFO - Setting next_dagrun for postgres_to_mysql_etl to 2026-01-12 00:00:00+00:00, run_after=2026-01-12 06:00:00+00:00
[2026-01-12T09:42:04.902+0000] {processor.py:183} INFO - Processing /opt/airflow/dags/postgres_to_mysql_etl.py took 0.428 seconds
[2026-01-12T09:42:35.081+0000] {processor.py:161} INFO - Started process (PID=410) to work on /opt/airflow/dags/postgres_to_mysql_etl.py
[2026-01-12T09:42:35.087+0000] {processor.py:830} INFO - Processing file /opt/airflow/dags/postgres_to_mysql_etl.py for tasks to queue
[2026-01-12T09:42:35.091+0000] {logging_mixin.py:188} INFO - [2026-01-12T09:42:35.090+0000] {dagbag.py:538} INFO - Filling up the DagBag from /opt/airflow/dags/postgres_to_mysql_etl.py
[2026-01-12T09:42:35.216+0000] {processor.py:840} INFO - DAG(s) 'postgres_to_mysql_etl' retrieved from /opt/airflow/dags/postgres_to_mysql_etl.py
[2026-01-12T09:42:35.358+0000] {logging_mixin.py:188} INFO - [2026-01-12T09:42:35.347+0000] {dag.py:3036} INFO - Sync 1 DAGs
[2026-01-12T09:42:35.465+0000] {logging_mixin.py:188} INFO - [2026-01-12T09:42:35.464+0000] {dag.py:3823} INFO - Setting next_dagrun for postgres_to_mysql_etl to 2026-01-12 00:00:00+00:00, run_after=2026-01-12 06:00:00+00:00
[2026-01-12T09:42:35.560+0000] {processor.py:183} INFO - Processing /opt/airflow/dags/postgres_to_mysql_etl.py took 0.502 seconds
[2026-01-12T09:43:05.973+0000] {processor.py:161} INFO - Started process (PID=415) to work on /opt/airflow/dags/postgres_to_mysql_etl.py
[2026-01-12T09:43:05.975+0000] {processor.py:830} INFO - Processing file /opt/airflow/dags/postgres_to_mysql_etl.py for tasks to queue
[2026-01-12T09:43:05.977+0000] {logging_mixin.py:188} INFO - [2026-01-12T09:43:05.977+0000] {dagbag.py:538} INFO - Filling up the DagBag from /opt/airflow/dags/postgres_to_mysql_etl.py
[2026-01-12T09:43:06.041+0000] {processor.py:840} INFO - DAG(s) 'postgres_to_mysql_etl' retrieved from /opt/airflow/dags/postgres_to_mysql_etl.py
[2026-01-12T09:43:06.172+0000] {logging_mixin.py:188} INFO - [2026-01-12T09:43:06.172+0000] {dag.py:3036} INFO - Sync 1 DAGs
[2026-01-12T09:43:06.344+0000] {logging_mixin.py:188} INFO - [2026-01-12T09:43:06.343+0000] {dag.py:3823} INFO - Setting next_dagrun for postgres_to_mysql_etl to 2026-01-12 00:00:00+00:00, run_after=2026-01-12 06:00:00+00:00
[2026-01-12T09:43:06.503+0000] {processor.py:183} INFO - Processing /opt/airflow/dags/postgres_to_mysql_etl.py took 0.542 seconds
[2026-01-12T09:43:37.631+0000] {processor.py:161} INFO - Started process (PID=420) to work on /opt/airflow/dags/postgres_to_mysql_etl.py
[2026-01-12T09:43:37.645+0000] {processor.py:830} INFO - Processing file /opt/airflow/dags/postgres_to_mysql_etl.py for tasks to queue
[2026-01-12T09:43:37.655+0000] {logging_mixin.py:188} INFO - [2026-01-12T09:43:37.653+0000] {dagbag.py:538} INFO - Filling up the DagBag from /opt/airflow/dags/postgres_to_mysql_etl.py
[2026-01-12T09:43:37.750+0000] {processor.py:840} INFO - DAG(s) 'postgres_to_mysql_etl' retrieved from /opt/airflow/dags/postgres_to_mysql_etl.py
[2026-01-12T09:43:37.935+0000] {logging_mixin.py:188} INFO - [2026-01-12T09:43:37.934+0000] {dag.py:3036} INFO - Sync 1 DAGs
[2026-01-12T09:43:38.041+0000] {logging_mixin.py:188} INFO - [2026-01-12T09:43:38.041+0000] {dag.py:3823} INFO - Setting next_dagrun for postgres_to_mysql_etl to 2026-01-12 00:00:00+00:00, run_after=2026-01-12 06:00:00+00:00
[2026-01-12T09:43:38.086+0000] {processor.py:183} INFO - Processing /opt/airflow/dags/postgres_to_mysql_etl.py took 0.478 seconds
[2026-01-12T09:44:08.635+0000] {processor.py:161} INFO - Started process (PID=425) to work on /opt/airflow/dags/postgres_to_mysql_etl.py
[2026-01-12T09:44:08.638+0000] {processor.py:830} INFO - Processing file /opt/airflow/dags/postgres_to_mysql_etl.py for tasks to queue
[2026-01-12T09:44:08.640+0000] {logging_mixin.py:188} INFO - [2026-01-12T09:44:08.640+0000] {dagbag.py:538} INFO - Filling up the DagBag from /opt/airflow/dags/postgres_to_mysql_etl.py
[2026-01-12T09:44:08.682+0000] {processor.py:840} INFO - DAG(s) 'postgres_to_mysql_etl' retrieved from /opt/airflow/dags/postgres_to_mysql_etl.py
[2026-01-12T09:44:08.744+0000] {logging_mixin.py:188} INFO - [2026-01-12T09:44:08.743+0000] {dag.py:3036} INFO - Sync 1 DAGs
[2026-01-12T09:44:08.806+0000] {logging_mixin.py:188} INFO - [2026-01-12T09:44:08.806+0000] {dag.py:3823} INFO - Setting next_dagrun for postgres_to_mysql_etl to 2026-01-12 00:00:00+00:00, run_after=2026-01-12 06:00:00+00:00
[2026-01-12T09:44:08.862+0000] {processor.py:183} INFO - Processing /opt/airflow/dags/postgres_to_mysql_etl.py took 0.234 seconds
[2026-01-12T09:44:39.724+0000] {processor.py:161} INFO - Started process (PID=430) to work on /opt/airflow/dags/postgres_to_mysql_etl.py
[2026-01-12T09:44:39.727+0000] {processor.py:830} INFO - Processing file /opt/airflow/dags/postgres_to_mysql_etl.py for tasks to queue
[2026-01-12T09:44:39.729+0000] {logging_mixin.py:188} INFO - [2026-01-12T09:44:39.728+0000] {dagbag.py:538} INFO - Filling up the DagBag from /opt/airflow/dags/postgres_to_mysql_etl.py
[2026-01-12T09:44:39.776+0000] {processor.py:840} INFO - DAG(s) 'postgres_to_mysql_etl' retrieved from /opt/airflow/dags/postgres_to_mysql_etl.py
[2026-01-12T09:44:39.843+0000] {logging_mixin.py:188} INFO - [2026-01-12T09:44:39.842+0000] {dag.py:3036} INFO - Sync 1 DAGs
[2026-01-12T09:44:39.926+0000] {logging_mixin.py:188} INFO - [2026-01-12T09:44:39.925+0000] {dag.py:3823} INFO - Setting next_dagrun for postgres_to_mysql_etl to 2026-01-12 00:00:00+00:00, run_after=2026-01-12 06:00:00+00:00
[2026-01-12T09:44:40.066+0000] {processor.py:183} INFO - Processing /opt/airflow/dags/postgres_to_mysql_etl.py took 0.349 seconds
[2026-01-12T09:45:10.277+0000] {processor.py:161} INFO - Started process (PID=435) to work on /opt/airflow/dags/postgres_to_mysql_etl.py
[2026-01-12T09:45:10.279+0000] {processor.py:830} INFO - Processing file /opt/airflow/dags/postgres_to_mysql_etl.py for tasks to queue
[2026-01-12T09:45:10.281+0000] {logging_mixin.py:188} INFO - [2026-01-12T09:45:10.280+0000] {dagbag.py:538} INFO - Filling up the DagBag from /opt/airflow/dags/postgres_to_mysql_etl.py
[2026-01-12T09:45:10.347+0000] {processor.py:840} INFO - DAG(s) 'postgres_to_mysql_etl' retrieved from /opt/airflow/dags/postgres_to_mysql_etl.py
[2026-01-12T09:45:10.401+0000] {logging_mixin.py:188} INFO - [2026-01-12T09:45:10.400+0000] {dag.py:3036} INFO - Sync 1 DAGs
[2026-01-12T09:45:10.460+0000] {logging_mixin.py:188} INFO - [2026-01-12T09:45:10.459+0000] {dag.py:3823} INFO - Setting next_dagrun for postgres_to_mysql_etl to 2026-01-12 00:00:00+00:00, run_after=2026-01-12 06:00:00+00:00
[2026-01-12T09:45:10.665+0000] {processor.py:183} INFO - Processing /opt/airflow/dags/postgres_to_mysql_etl.py took 0.387 seconds
[2026-01-12T09:45:37.828+0000] {processor.py:161} INFO - Started process (PID=440) to work on /opt/airflow/dags/postgres_to_mysql_etl.py
[2026-01-12T09:45:37.832+0000] {processor.py:830} INFO - Processing file /opt/airflow/dags/postgres_to_mysql_etl.py for tasks to queue
[2026-01-12T09:45:37.836+0000] {logging_mixin.py:188} INFO - [2026-01-12T09:45:37.835+0000] {dagbag.py:538} INFO - Filling up the DagBag from /opt/airflow/dags/postgres_to_mysql_etl.py
[2026-01-12T09:45:37.897+0000] {processor.py:840} INFO - DAG(s) 'postgres_to_mysql_etl' retrieved from /opt/airflow/dags/postgres_to_mysql_etl.py
[2026-01-12T09:45:37.993+0000] {logging_mixin.py:188} INFO - [2026-01-12T09:45:37.993+0000] {dag.py:3036} INFO - Sync 1 DAGs
[2026-01-12T09:45:38.071+0000] {logging_mixin.py:188} INFO - [2026-01-12T09:45:38.070+0000] {dag.py:3823} INFO - Setting next_dagrun for postgres_to_mysql_etl to 2026-01-12 00:00:00+00:00, run_after=2026-01-12 06:00:00+00:00
[2026-01-12T09:45:38.123+0000] {processor.py:183} INFO - Processing /opt/airflow/dags/postgres_to_mysql_etl.py took 0.311 seconds
[2026-01-12T09:46:09.161+0000] {processor.py:161} INFO - Started process (PID=445) to work on /opt/airflow/dags/postgres_to_mysql_etl.py
[2026-01-12T09:46:09.163+0000] {processor.py:830} INFO - Processing file /opt/airflow/dags/postgres_to_mysql_etl.py for tasks to queue
[2026-01-12T09:46:09.167+0000] {logging_mixin.py:188} INFO - [2026-01-12T09:46:09.164+0000] {dagbag.py:538} INFO - Filling up the DagBag from /opt/airflow/dags/postgres_to_mysql_etl.py
[2026-01-12T09:46:05.462+0000] {processor.py:840} INFO - DAG(s) 'postgres_to_mysql_etl' retrieved from /opt/airflow/dags/postgres_to_mysql_etl.py
[2026-01-12T09:46:05.576+0000] {logging_mixin.py:188} INFO - [2026-01-12T09:46:05.575+0000] {dag.py:3036} INFO - Sync 1 DAGs
[2026-01-12T09:46:05.719+0000] {logging_mixin.py:188} INFO - [2026-01-12T09:46:05.719+0000] {dag.py:3823} INFO - Setting next_dagrun for postgres_to_mysql_etl to 2026-01-12 00:00:00+00:00, run_after=2026-01-12 06:00:00+00:00
[2026-01-12T09:46:05.827+0000] {processor.py:183} INFO - Processing /opt/airflow/dags/postgres_to_mysql_etl.py took 0.418 seconds
[2026-01-12T09:46:15.122+0000] {processor.py:161} INFO - Started process (PID=450) to work on /opt/airflow/dags/postgres_to_mysql_etl.py
[2026-01-12T09:46:15.126+0000] {processor.py:830} INFO - Processing file /opt/airflow/dags/postgres_to_mysql_etl.py for tasks to queue
[2026-01-12T09:46:15.129+0000] {logging_mixin.py:188} INFO - [2026-01-12T09:46:15.128+0000] {dagbag.py:538} INFO - Filling up the DagBag from /opt/airflow/dags/postgres_to_mysql_etl.py
[2026-01-12T09:46:15.239+0000] {processor.py:840} INFO - DAG(s) 'postgres_to_mysql_etl' retrieved from /opt/airflow/dags/postgres_to_mysql_etl.py
[2026-01-12T09:46:15.292+0000] {logging_mixin.py:188} INFO - [2026-01-12T09:46:15.292+0000] {dag.py:3036} INFO - Sync 1 DAGs
[2026-01-12T09:46:15.338+0000] {logging_mixin.py:188} INFO - [2026-01-12T09:46:15.338+0000] {dag.py:3823} INFO - Setting next_dagrun for postgres_to_mysql_etl to 2026-01-12 00:00:00+00:00, run_after=2026-01-12 06:00:00+00:00
[2026-01-12T09:46:15.415+0000] {processor.py:183} INFO - Processing /opt/airflow/dags/postgres_to_mysql_etl.py took 0.299 seconds
[2026-01-12T09:46:15.559+0000] {processor.py:161} INFO - Started process (PID=455) to work on /opt/airflow/dags/postgres_to_mysql_etl.py
[2026-01-12T09:46:15.561+0000] {processor.py:830} INFO - Processing file /opt/airflow/dags/postgres_to_mysql_etl.py for tasks to queue
[2026-01-12T09:46:15.563+0000] {logging_mixin.py:188} INFO - [2026-01-12T09:46:15.562+0000] {dagbag.py:538} INFO - Filling up the DagBag from /opt/airflow/dags/postgres_to_mysql_etl.py
[2026-01-12T09:46:15.617+0000] {processor.py:840} INFO - DAG(s) 'postgres_to_mysql_etl' retrieved from /opt/airflow/dags/postgres_to_mysql_etl.py
[2026-01-12T09:46:15.693+0000] {logging_mixin.py:188} INFO - [2026-01-12T09:46:15.692+0000] {dag.py:3036} INFO - Sync 1 DAGs
[2026-01-12T09:46:15.764+0000] {logging_mixin.py:188} INFO - [2026-01-12T09:46:15.764+0000] {dag.py:3823} INFO - Setting next_dagrun for postgres_to_mysql_etl to 2026-01-12 00:00:00+00:00, run_after=2026-01-12 06:00:00+00:00
[2026-01-12T09:46:15.831+0000] {processor.py:183} INFO - Processing /opt/airflow/dags/postgres_to_mysql_etl.py took 0.281 seconds
[2026-01-12T09:46:15.939+0000] {processor.py:161} INFO - Started process (PID=460) to work on /opt/airflow/dags/postgres_to_mysql_etl.py
[2026-01-12T09:46:15.941+0000] {processor.py:830} INFO - Processing file /opt/airflow/dags/postgres_to_mysql_etl.py for tasks to queue
[2026-01-12T09:46:15.945+0000] {logging_mixin.py:188} INFO - [2026-01-12T09:46:15.944+0000] {dagbag.py:538} INFO - Filling up the DagBag from /opt/airflow/dags/postgres_to_mysql_etl.py
[2026-01-12T09:46:16.012+0000] {processor.py:840} INFO - DAG(s) 'postgres_to_mysql_etl' retrieved from /opt/airflow/dags/postgres_to_mysql_etl.py
[2026-01-12T09:46:16.116+0000] {logging_mixin.py:188} INFO - [2026-01-12T09:46:16.116+0000] {dag.py:3036} INFO - Sync 1 DAGs
[2026-01-12T09:46:16.170+0000] {logging_mixin.py:188} INFO - [2026-01-12T09:46:16.169+0000] {dag.py:3823} INFO - Setting next_dagrun for postgres_to_mysql_etl to 2026-01-12 00:00:00+00:00, run_after=2026-01-12 06:00:00+00:00
[2026-01-12T09:46:16.231+0000] {processor.py:183} INFO - Processing /opt/airflow/dags/postgres_to_mysql_etl.py took 0.302 seconds
[2026-01-12T09:46:16.370+0000] {processor.py:161} INFO - Started process (PID=465) to work on /opt/airflow/dags/postgres_to_mysql_etl.py
[2026-01-12T09:46:16.372+0000] {processor.py:830} INFO - Processing file /opt/airflow/dags/postgres_to_mysql_etl.py for tasks to queue
[2026-01-12T09:46:16.374+0000] {logging_mixin.py:188} INFO - [2026-01-12T09:46:16.373+0000] {dagbag.py:538} INFO - Filling up the DagBag from /opt/airflow/dags/postgres_to_mysql_etl.py
[2026-01-12T09:46:16.433+0000] {processor.py:840} INFO - DAG(s) 'postgres_to_mysql_etl' retrieved from /opt/airflow/dags/postgres_to_mysql_etl.py
[2026-01-12T09:46:16.497+0000] {logging_mixin.py:188} INFO - [2026-01-12T09:46:16.497+0000] {dag.py:3036} INFO - Sync 1 DAGs
[2026-01-12T09:46:16.553+0000] {logging_mixin.py:188} INFO - [2026-01-12T09:46:16.553+0000] {dag.py:3823} INFO - Setting next_dagrun for postgres_to_mysql_etl to 2026-01-12 00:00:00+00:00, run_after=2026-01-12 06:00:00+00:00
[2026-01-12T09:46:16.622+0000] {processor.py:183} INFO - Processing /opt/airflow/dags/postgres_to_mysql_etl.py took 0.264 seconds
[2026-01-12T09:46:16.709+0000] {processor.py:161} INFO - Started process (PID=470) to work on /opt/airflow/dags/postgres_to_mysql_etl.py
[2026-01-12T09:46:16.711+0000] {processor.py:830} INFO - Processing file /opt/airflow/dags/postgres_to_mysql_etl.py for tasks to queue
[2026-01-12T09:46:16.713+0000] {logging_mixin.py:188} INFO - [2026-01-12T09:46:16.713+0000] {dagbag.py:538} INFO - Filling up the DagBag from /opt/airflow/dags/postgres_to_mysql_etl.py
[2026-01-12T09:46:16.746+0000] {processor.py:840} INFO - DAG(s) 'postgres_to_mysql_etl' retrieved from /opt/airflow/dags/postgres_to_mysql_etl.py
[2026-01-12T09:46:16.791+0000] {logging_mixin.py:188} INFO - [2026-01-12T09:46:16.790+0000] {dag.py:3036} INFO - Sync 1 DAGs
[2026-01-12T09:46:16.822+0000] {logging_mixin.py:188} INFO - [2026-01-12T09:46:16.822+0000] {dag.py:3823} INFO - Setting next_dagrun for postgres_to_mysql_etl to 2026-01-12 00:00:00+00:00, run_after=2026-01-12 06:00:00+00:00
[2026-01-12T09:46:16.864+0000] {processor.py:183} INFO - Processing /opt/airflow/dags/postgres_to_mysql_etl.py took 0.161 seconds
[2026-01-12T09:46:16.955+0000] {processor.py:161} INFO - Started process (PID=475) to work on /opt/airflow/dags/postgres_to_mysql_etl.py
[2026-01-12T09:46:16.957+0000] {processor.py:830} INFO - Processing file /opt/airflow/dags/postgres_to_mysql_etl.py for tasks to queue
[2026-01-12T09:46:16.959+0000] {logging_mixin.py:188} INFO - [2026-01-12T09:46:16.958+0000] {dagbag.py:538} INFO - Filling up the DagBag from /opt/airflow/dags/postgres_to_mysql_etl.py
[2026-01-12T09:46:17.000+0000] {processor.py:840} INFO - DAG(s) 'postgres_to_mysql_etl' retrieved from /opt/airflow/dags/postgres_to_mysql_etl.py
[2026-01-12T09:46:17.050+0000] {logging_mixin.py:188} INFO - [2026-01-12T09:46:17.050+0000] {dag.py:3036} INFO - Sync 1 DAGs
[2026-01-12T09:46:17.104+0000] {logging_mixin.py:188} INFO - [2026-01-12T09:46:17.104+0000] {dag.py:3823} INFO - Setting next_dagrun for postgres_to_mysql_etl to 2026-01-12 00:00:00+00:00, run_after=2026-01-12 06:00:00+00:00
[2026-01-12T09:46:17.165+0000] {processor.py:183} INFO - Processing /opt/airflow/dags/postgres_to_mysql_etl.py took 0.216 seconds
[2026-01-12T09:46:17.299+0000] {processor.py:161} INFO - Started process (PID=480) to work on /opt/airflow/dags/postgres_to_mysql_etl.py
[2026-01-12T09:46:17.305+0000] {processor.py:830} INFO - Processing file /opt/airflow/dags/postgres_to_mysql_etl.py for tasks to queue
[2026-01-12T09:46:17.308+0000] {logging_mixin.py:188} INFO - [2026-01-12T09:46:17.307+0000] {dagbag.py:538} INFO - Filling up the DagBag from /opt/airflow/dags/postgres_to_mysql_etl.py
[2026-01-12T09:46:17.365+0000] {processor.py:840} INFO - DAG(s) 'postgres_to_mysql_etl' retrieved from /opt/airflow/dags/postgres_to_mysql_etl.py
[2026-01-12T09:46:17.471+0000] {logging_mixin.py:188} INFO - [2026-01-12T09:46:17.471+0000] {dag.py:3036} INFO - Sync 1 DAGs
[2026-01-12T09:46:17.520+0000] {logging_mixin.py:188} INFO - [2026-01-12T09:46:17.520+0000] {dag.py:3823} INFO - Setting next_dagrun for postgres_to_mysql_etl to 2026-01-12 00:00:00+00:00, run_after=2026-01-12 06:00:00+00:00
[2026-01-12T09:46:17.574+0000] {processor.py:183} INFO - Processing /opt/airflow/dags/postgres_to_mysql_etl.py took 0.281 seconds
[2026-01-12T09:46:17.658+0000] {processor.py:161} INFO - Started process (PID=485) to work on /opt/airflow/dags/postgres_to_mysql_etl.py
[2026-01-12T09:46:17.660+0000] {processor.py:830} INFO - Processing file /opt/airflow/dags/postgres_to_mysql_etl.py for tasks to queue
[2026-01-12T09:46:17.662+0000] {logging_mixin.py:188} INFO - [2026-01-12T09:46:17.661+0000] {dagbag.py:538} INFO - Filling up the DagBag from /opt/airflow/dags/postgres_to_mysql_etl.py
[2026-01-12T09:46:17.702+0000] {processor.py:840} INFO - DAG(s) 'postgres_to_mysql_etl' retrieved from /opt/airflow/dags/postgres_to_mysql_etl.py
[2026-01-12T09:46:17.746+0000] {logging_mixin.py:188} INFO - [2026-01-12T09:46:17.745+0000] {dag.py:3036} INFO - Sync 1 DAGs
[2026-01-12T09:46:17.783+0000] {logging_mixin.py:188} INFO - [2026-01-12T09:46:17.782+0000] {dag.py:3823} INFO - Setting next_dagrun for postgres_to_mysql_etl to 2026-01-12 00:00:00+00:00, run_after=2026-01-12 06:00:00+00:00
[2026-01-12T09:46:17.825+0000] {processor.py:183} INFO - Processing /opt/airflow/dags/postgres_to_mysql_etl.py took 0.173 seconds
[2026-01-12T09:46:47.964+0000] {processor.py:161} INFO - Started process (PID=490) to work on /opt/airflow/dags/postgres_to_mysql_etl.py
[2026-01-12T09:46:47.966+0000] {processor.py:830} INFO - Processing file /opt/airflow/dags/postgres_to_mysql_etl.py for tasks to queue
[2026-01-12T09:46:47.968+0000] {logging_mixin.py:188} INFO - [2026-01-12T09:46:47.968+0000] {dagbag.py:538} INFO - Filling up the DagBag from /opt/airflow/dags/postgres_to_mysql_etl.py
[2026-01-12T09:46:48.012+0000] {processor.py:840} INFO - DAG(s) 'postgres_to_mysql_etl' retrieved from /opt/airflow/dags/postgres_to_mysql_etl.py
[2026-01-12T09:46:48.079+0000] {logging_mixin.py:188} INFO - [2026-01-12T09:46:48.079+0000] {dag.py:3036} INFO - Sync 1 DAGs
[2026-01-12T09:46:48.204+0000] {logging_mixin.py:188} INFO - [2026-01-12T09:46:48.203+0000] {dag.py:3823} INFO - Setting next_dagrun for postgres_to_mysql_etl to 2026-01-12 00:00:00+00:00, run_after=2026-01-12 06:00:00+00:00
[2026-01-12T09:46:48.336+0000] {processor.py:183} INFO - Processing /opt/airflow/dags/postgres_to_mysql_etl.py took 0.380 seconds
[2026-01-12T09:47:18.552+0000] {processor.py:161} INFO - Started process (PID=495) to work on /opt/airflow/dags/postgres_to_mysql_etl.py
[2026-01-12T09:47:18.554+0000] {processor.py:830} INFO - Processing file /opt/airflow/dags/postgres_to_mysql_etl.py for tasks to queue
[2026-01-12T09:47:18.558+0000] {logging_mixin.py:188} INFO - [2026-01-12T09:47:18.557+0000] {dagbag.py:538} INFO - Filling up the DagBag from /opt/airflow/dags/postgres_to_mysql_etl.py
[2026-01-12T09:47:18.622+0000] {processor.py:840} INFO - DAG(s) 'postgres_to_mysql_etl' retrieved from /opt/airflow/dags/postgres_to_mysql_etl.py
[2026-01-12T09:47:18.681+0000] {logging_mixin.py:188} INFO - [2026-01-12T09:47:18.680+0000] {dag.py:3036} INFO - Sync 1 DAGs
[2026-01-12T09:47:18.728+0000] {logging_mixin.py:188} INFO - [2026-01-12T09:47:18.728+0000] {dag.py:3823} INFO - Setting next_dagrun for postgres_to_mysql_etl to 2026-01-12 00:00:00+00:00, run_after=2026-01-12 06:00:00+00:00
[2026-01-12T09:47:18.769+0000] {processor.py:183} INFO - Processing /opt/airflow/dags/postgres_to_mysql_etl.py took 0.226 seconds
[2026-01-12T09:47:49.012+0000] {processor.py:161} INFO - Started process (PID=500) to work on /opt/airflow/dags/postgres_to_mysql_etl.py
[2026-01-12T09:47:49.014+0000] {processor.py:830} INFO - Processing file /opt/airflow/dags/postgres_to_mysql_etl.py for tasks to queue
[2026-01-12T09:47:49.017+0000] {logging_mixin.py:188} INFO - [2026-01-12T09:47:49.016+0000] {dagbag.py:538} INFO - Filling up the DagBag from /opt/airflow/dags/postgres_to_mysql_etl.py
[2026-01-12T09:47:49.068+0000] {processor.py:840} INFO - DAG(s) 'postgres_to_mysql_etl' retrieved from /opt/airflow/dags/postgres_to_mysql_etl.py
[2026-01-12T09:47:49.160+0000] {logging_mixin.py:188} INFO - [2026-01-12T09:47:49.160+0000] {dag.py:3036} INFO - Sync 1 DAGs
[2026-01-12T09:47:49.211+0000] {logging_mixin.py:188} INFO - [2026-01-12T09:47:49.211+0000] {dag.py:3823} INFO - Setting next_dagrun for postgres_to_mysql_etl to 2026-01-12 00:00:00+00:00, run_after=2026-01-12 06:00:00+00:00
[2026-01-12T09:47:49.255+0000] {processor.py:183} INFO - Processing /opt/airflow/dags/postgres_to_mysql_etl.py took 0.250 seconds
[2026-01-12T09:48:19.525+0000] {processor.py:161} INFO - Started process (PID=505) to work on /opt/airflow/dags/postgres_to_mysql_etl.py
[2026-01-12T09:48:19.529+0000] {processor.py:830} INFO - Processing file /opt/airflow/dags/postgres_to_mysql_etl.py for tasks to queue
[2026-01-12T09:48:19.584+0000] {logging_mixin.py:188} INFO - [2026-01-12T09:48:19.581+0000] {dagbag.py:538} INFO - Filling up the DagBag from /opt/airflow/dags/postgres_to_mysql_etl.py
[2026-01-12T09:48:19.703+0000] {processor.py:840} INFO - DAG(s) 'postgres_to_mysql_etl' retrieved from /opt/airflow/dags/postgres_to_mysql_etl.py
[2026-01-12T09:48:19.760+0000] {logging_mixin.py:188} INFO - [2026-01-12T09:48:19.760+0000] {dag.py:3036} INFO - Sync 1 DAGs
[2026-01-12T09:48:19.931+0000] {logging_mixin.py:188} INFO - [2026-01-12T09:48:19.930+0000] {dag.py:3823} INFO - Setting next_dagrun for postgres_to_mysql_etl to 2026-01-12 00:00:00+00:00, run_after=2026-01-12 06:00:00+00:00
[2026-01-12T09:48:20.065+0000] {processor.py:183} INFO - Processing /opt/airflow/dags/postgres_to_mysql_etl.py took 0.562 seconds
[2026-01-12T09:48:51.686+0000] {processor.py:161} INFO - Started process (PID=510) to work on /opt/airflow/dags/postgres_to_mysql_etl.py
[2026-01-12T09:48:51.689+0000] {processor.py:830} INFO - Processing file /opt/airflow/dags/postgres_to_mysql_etl.py for tasks to queue
[2026-01-12T09:48:51.782+0000] {logging_mixin.py:188} INFO - [2026-01-12T09:48:51.706+0000] {dagbag.py:538} INFO - Filling up the DagBag from /opt/airflow/dags/postgres_to_mysql_etl.py
[2026-01-12T09:48:52.917+0000] {processor.py:840} INFO - DAG(s) 'postgres_to_mysql_etl' retrieved from /opt/airflow/dags/postgres_to_mysql_etl.py
[2026-01-12T09:48:55.326+0000] {logging_mixin.py:188} INFO - [2026-01-12T09:48:55.325+0000] {dag.py:3036} INFO - Sync 1 DAGs
[2026-01-12T09:48:51.871+0000] {logging_mixin.py:188} INFO - [2026-01-12T09:48:51.871+0000] {dag.py:3823} INFO - Setting next_dagrun for postgres_to_mysql_etl to 2026-01-12 00:00:00+00:00, run_after=2026-01-12 06:00:00+00:00
[2026-01-12T09:48:52.042+0000] {processor.py:183} INFO - Processing /opt/airflow/dags/postgres_to_mysql_etl.py took 3.082 seconds
[2026-01-12T09:49:23.069+0000] {processor.py:161} INFO - Started process (PID=515) to work on /opt/airflow/dags/postgres_to_mysql_etl.py
[2026-01-12T09:49:23.071+0000] {processor.py:830} INFO - Processing file /opt/airflow/dags/postgres_to_mysql_etl.py for tasks to queue
[2026-01-12T09:49:23.073+0000] {logging_mixin.py:188} INFO - [2026-01-12T09:49:23.073+0000] {dagbag.py:538} INFO - Filling up the DagBag from /opt/airflow/dags/postgres_to_mysql_etl.py
[2026-01-12T09:49:23.115+0000] {processor.py:840} INFO - DAG(s) 'postgres_to_mysql_etl' retrieved from /opt/airflow/dags/postgres_to_mysql_etl.py
[2026-01-12T09:49:19.902+0000] {logging_mixin.py:188} INFO - [2026-01-12T09:49:19.902+0000] {dag.py:3036} INFO - Sync 1 DAGs
[2026-01-12T09:49:19.980+0000] {logging_mixin.py:188} INFO - [2026-01-12T09:49:19.979+0000] {dag.py:3823} INFO - Setting next_dagrun for postgres_to_mysql_etl to 2026-01-12 00:00:00+00:00, run_after=2026-01-12 06:00:00+00:00
[2026-01-12T09:49:20.052+0000] {processor.py:183} INFO - Processing /opt/airflow/dags/postgres_to_mysql_etl.py took 0.770 seconds
[2026-01-12T09:49:50.467+0000] {processor.py:161} INFO - Started process (PID=520) to work on /opt/airflow/dags/postgres_to_mysql_etl.py
[2026-01-12T09:49:50.470+0000] {processor.py:830} INFO - Processing file /opt/airflow/dags/postgres_to_mysql_etl.py for tasks to queue
[2026-01-12T09:49:50.472+0000] {logging_mixin.py:188} INFO - [2026-01-12T09:49:50.472+0000] {dagbag.py:538} INFO - Filling up the DagBag from /opt/airflow/dags/postgres_to_mysql_etl.py
[2026-01-12T09:49:50.526+0000] {processor.py:840} INFO - DAG(s) 'postgres_to_mysql_etl' retrieved from /opt/airflow/dags/postgres_to_mysql_etl.py
[2026-01-12T09:49:50.562+0000] {logging_mixin.py:188} INFO - [2026-01-12T09:49:50.562+0000] {dag.py:3036} INFO - Sync 1 DAGs
[2026-01-12T09:49:50.602+0000] {logging_mixin.py:188} INFO - [2026-01-12T09:49:50.602+0000] {dag.py:3823} INFO - Setting next_dagrun for postgres_to_mysql_etl to 2026-01-12 00:00:00+00:00, run_after=2026-01-12 06:00:00+00:00
[2026-01-12T09:49:50.645+0000] {processor.py:183} INFO - Processing /opt/airflow/dags/postgres_to_mysql_etl.py took 0.190 seconds
[2026-01-12T09:50:21.078+0000] {processor.py:161} INFO - Started process (PID=525) to work on /opt/airflow/dags/postgres_to_mysql_etl.py
[2026-01-12T09:50:21.082+0000] {processor.py:830} INFO - Processing file /opt/airflow/dags/postgres_to_mysql_etl.py for tasks to queue
[2026-01-12T09:50:21.086+0000] {logging_mixin.py:188} INFO - [2026-01-12T09:50:21.085+0000] {dagbag.py:538} INFO - Filling up the DagBag from /opt/airflow/dags/postgres_to_mysql_etl.py
[2026-01-12T09:50:21.172+0000] {processor.py:840} INFO - DAG(s) 'postgres_to_mysql_etl' retrieved from /opt/airflow/dags/postgres_to_mysql_etl.py
[2026-01-12T09:50:21.226+0000] {logging_mixin.py:188} INFO - [2026-01-12T09:50:21.226+0000] {dag.py:3036} INFO - Sync 1 DAGs
[2026-01-12T09:50:21.271+0000] {logging_mixin.py:188} INFO - [2026-01-12T09:50:21.271+0000] {dag.py:3823} INFO - Setting next_dagrun for postgres_to_mysql_etl to 2026-01-12 00:00:00+00:00, run_after=2026-01-12 06:00:00+00:00
[2026-01-12T09:50:21.322+0000] {processor.py:183} INFO - Processing /opt/airflow/dags/postgres_to_mysql_etl.py took 0.253 seconds
[2026-01-12T09:50:51.644+0000] {processor.py:161} INFO - Started process (PID=530) to work on /opt/airflow/dags/postgres_to_mysql_etl.py
[2026-01-12T09:50:51.646+0000] {processor.py:830} INFO - Processing file /opt/airflow/dags/postgres_to_mysql_etl.py for tasks to queue
[2026-01-12T09:50:51.648+0000] {logging_mixin.py:188} INFO - [2026-01-12T09:50:51.648+0000] {dagbag.py:538} INFO - Filling up the DagBag from /opt/airflow/dags/postgres_to_mysql_etl.py
[2026-01-12T09:50:51.691+0000] {processor.py:840} INFO - DAG(s) 'postgres_to_mysql_etl' retrieved from /opt/airflow/dags/postgres_to_mysql_etl.py
[2026-01-12T09:50:51.814+0000] {logging_mixin.py:188} INFO - [2026-01-12T09:50:51.814+0000] {dag.py:3036} INFO - Sync 1 DAGs
[2026-01-12T09:50:51.874+0000] {logging_mixin.py:188} INFO - [2026-01-12T09:50:51.874+0000] {dag.py:3823} INFO - Setting next_dagrun for postgres_to_mysql_etl to 2026-01-12 00:00:00+00:00, run_after=2026-01-12 06:00:00+00:00
[2026-01-12T09:50:51.952+0000] {processor.py:183} INFO - Processing /opt/airflow/dags/postgres_to_mysql_etl.py took 0.327 seconds
[2026-01-12T09:51:22.322+0000] {processor.py:161} INFO - Started process (PID=541) to work on /opt/airflow/dags/postgres_to_mysql_etl.py
[2026-01-12T09:51:22.326+0000] {processor.py:830} INFO - Processing file /opt/airflow/dags/postgres_to_mysql_etl.py for tasks to queue
[2026-01-12T09:51:22.329+0000] {logging_mixin.py:188} INFO - [2026-01-12T09:51:22.328+0000] {dagbag.py:538} INFO - Filling up the DagBag from /opt/airflow/dags/postgres_to_mysql_etl.py
[2026-01-12T09:51:22.383+0000] {processor.py:840} INFO - DAG(s) 'postgres_to_mysql_etl' retrieved from /opt/airflow/dags/postgres_to_mysql_etl.py
[2026-01-12T09:51:22.453+0000] {logging_mixin.py:188} INFO - [2026-01-12T09:51:22.453+0000] {dag.py:3036} INFO - Sync 1 DAGs
[2026-01-12T09:51:22.515+0000] {logging_mixin.py:188} INFO - [2026-01-12T09:51:22.514+0000] {dag.py:3823} INFO - Setting next_dagrun for postgres_to_mysql_etl to 2026-01-12 06:00:00+00:00, run_after=2026-01-12 12:00:00+00:00
[2026-01-12T09:51:22.595+0000] {processor.py:183} INFO - Processing /opt/airflow/dags/postgres_to_mysql_etl.py took 0.288 seconds
[2026-01-12T09:51:53.068+0000] {processor.py:161} INFO - Started process (PID=546) to work on /opt/airflow/dags/postgres_to_mysql_etl.py
[2026-01-12T09:51:53.083+0000] {processor.py:830} INFO - Processing file /opt/airflow/dags/postgres_to_mysql_etl.py for tasks to queue
[2026-01-12T09:51:53.086+0000] {logging_mixin.py:188} INFO - [2026-01-12T09:51:53.085+0000] {dagbag.py:538} INFO - Filling up the DagBag from /opt/airflow/dags/postgres_to_mysql_etl.py
[2026-01-12T09:51:53.139+0000] {processor.py:840} INFO - DAG(s) 'postgres_to_mysql_etl' retrieved from /opt/airflow/dags/postgres_to_mysql_etl.py
[2026-01-12T09:51:53.210+0000] {logging_mixin.py:188} INFO - [2026-01-12T09:51:53.209+0000] {dag.py:3036} INFO - Sync 1 DAGs
[2026-01-12T09:51:53.250+0000] {logging_mixin.py:188} INFO - [2026-01-12T09:51:53.250+0000] {dag.py:3823} INFO - Setting next_dagrun for postgres_to_mysql_etl to 2026-01-12 06:00:00+00:00, run_after=2026-01-12 12:00:00+00:00
[2026-01-12T09:51:53.298+0000] {processor.py:183} INFO - Processing /opt/airflow/dags/postgres_to_mysql_etl.py took 0.240 seconds
[2026-01-12T09:52:24.074+0000] {processor.py:161} INFO - Started process (PID=551) to work on /opt/airflow/dags/postgres_to_mysql_etl.py
[2026-01-12T09:52:24.077+0000] {processor.py:830} INFO - Processing file /opt/airflow/dags/postgres_to_mysql_etl.py for tasks to queue
[2026-01-12T09:52:24.080+0000] {logging_mixin.py:188} INFO - [2026-01-12T09:52:24.079+0000] {dagbag.py:538} INFO - Filling up the DagBag from /opt/airflow/dags/postgres_to_mysql_etl.py
[2026-01-12T09:52:24.137+0000] {processor.py:840} INFO - DAG(s) 'postgres_to_mysql_etl' retrieved from /opt/airflow/dags/postgres_to_mysql_etl.py
[2026-01-12T09:52:24.204+0000] {logging_mixin.py:188} INFO - [2026-01-12T09:52:24.203+0000] {dag.py:3036} INFO - Sync 1 DAGs
[2026-01-12T09:52:24.258+0000] {logging_mixin.py:188} INFO - [2026-01-12T09:52:24.257+0000] {dag.py:3823} INFO - Setting next_dagrun for postgres_to_mysql_etl to 2026-01-12 06:00:00+00:00, run_after=2026-01-12 12:00:00+00:00
[2026-01-12T09:52:24.297+0000] {processor.py:183} INFO - Processing /opt/airflow/dags/postgres_to_mysql_etl.py took 0.231 seconds
[2026-01-12T09:52:54.791+0000] {processor.py:161} INFO - Started process (PID=556) to work on /opt/airflow/dags/postgres_to_mysql_etl.py
[2026-01-12T09:52:54.794+0000] {processor.py:830} INFO - Processing file /opt/airflow/dags/postgres_to_mysql_etl.py for tasks to queue
[2026-01-12T09:52:54.796+0000] {logging_mixin.py:188} INFO - [2026-01-12T09:52:54.796+0000] {dagbag.py:538} INFO - Filling up the DagBag from /opt/airflow/dags/postgres_to_mysql_etl.py
[2026-01-12T09:52:54.867+0000] {processor.py:840} INFO - DAG(s) 'postgres_to_mysql_etl' retrieved from /opt/airflow/dags/postgres_to_mysql_etl.py
[2026-01-12T09:52:55.018+0000] {logging_mixin.py:188} INFO - [2026-01-12T09:52:55.013+0000] {dag.py:3036} INFO - Sync 1 DAGs
[2026-01-12T09:52:55.093+0000] {logging_mixin.py:188} INFO - [2026-01-12T09:52:55.093+0000] {dag.py:3823} INFO - Setting next_dagrun for postgres_to_mysql_etl to 2026-01-12 06:00:00+00:00, run_after=2026-01-12 12:00:00+00:00
[2026-01-12T09:52:55.140+0000] {processor.py:183} INFO - Processing /opt/airflow/dags/postgres_to_mysql_etl.py took 0.360 seconds
[2026-01-12T09:53:25.288+0000] {processor.py:161} INFO - Started process (PID=561) to work on /opt/airflow/dags/postgres_to_mysql_etl.py
[2026-01-12T09:53:25.293+0000] {processor.py:830} INFO - Processing file /opt/airflow/dags/postgres_to_mysql_etl.py for tasks to queue
[2026-01-12T09:53:25.295+0000] {logging_mixin.py:188} INFO - [2026-01-12T09:53:25.295+0000] {dagbag.py:538} INFO - Filling up the DagBag from /opt/airflow/dags/postgres_to_mysql_etl.py
[2026-01-12T09:53:25.362+0000] {processor.py:840} INFO - DAG(s) 'postgres_to_mysql_etl' retrieved from /opt/airflow/dags/postgres_to_mysql_etl.py
[2026-01-12T09:53:25.436+0000] {logging_mixin.py:188} INFO - [2026-01-12T09:53:25.435+0000] {dag.py:3036} INFO - Sync 1 DAGs
[2026-01-12T09:53:25.493+0000] {logging_mixin.py:188} INFO - [2026-01-12T09:53:25.492+0000] {dag.py:3823} INFO - Setting next_dagrun for postgres_to_mysql_etl to 2026-01-12 06:00:00+00:00, run_after=2026-01-12 12:00:00+00:00
[2026-01-12T09:53:25.546+0000] {processor.py:183} INFO - Processing /opt/airflow/dags/postgres_to_mysql_etl.py took 0.267 seconds
[2026-01-12T09:53:55.925+0000] {processor.py:161} INFO - Started process (PID=566) to work on /opt/airflow/dags/postgres_to_mysql_etl.py
[2026-01-12T09:53:55.929+0000] {processor.py:830} INFO - Processing file /opt/airflow/dags/postgres_to_mysql_etl.py for tasks to queue
[2026-01-12T09:53:55.932+0000] {logging_mixin.py:188} INFO - [2026-01-12T09:53:55.931+0000] {dagbag.py:538} INFO - Filling up the DagBag from /opt/airflow/dags/postgres_to_mysql_etl.py
[2026-01-12T09:53:56.006+0000] {processor.py:840} INFO - DAG(s) 'postgres_to_mysql_etl' retrieved from /opt/airflow/dags/postgres_to_mysql_etl.py
[2026-01-12T09:53:56.143+0000] {logging_mixin.py:188} INFO - [2026-01-12T09:53:56.142+0000] {dag.py:3036} INFO - Sync 1 DAGs
[2026-01-12T09:53:56.198+0000] {logging_mixin.py:188} INFO - [2026-01-12T09:53:56.198+0000] {dag.py:3823} INFO - Setting next_dagrun for postgres_to_mysql_etl to 2026-01-12 06:00:00+00:00, run_after=2026-01-12 12:00:00+00:00
[2026-01-12T09:53:56.240+0000] {processor.py:183} INFO - Processing /opt/airflow/dags/postgres_to_mysql_etl.py took 0.335 seconds
[2026-01-12T09:54:28.001+0000] {processor.py:161} INFO - Started process (PID=571) to work on /opt/airflow/dags/postgres_to_mysql_etl.py
[2026-01-12T09:54:28.005+0000] {processor.py:830} INFO - Processing file /opt/airflow/dags/postgres_to_mysql_etl.py for tasks to queue
[2026-01-12T09:54:28.010+0000] {logging_mixin.py:188} INFO - [2026-01-12T09:54:28.008+0000] {dagbag.py:538} INFO - Filling up the DagBag from /opt/airflow/dags/postgres_to_mysql_etl.py
[2026-01-12T09:54:24.280+0000] {processor.py:840} INFO - DAG(s) 'postgres_to_mysql_etl' retrieved from /opt/airflow/dags/postgres_to_mysql_etl.py
[2026-01-12T09:54:24.369+0000] {logging_mixin.py:188} INFO - [2026-01-12T09:54:24.369+0000] {dag.py:3036} INFO - Sync 1 DAGs
[2026-01-12T09:54:24.451+0000] {logging_mixin.py:188} INFO - [2026-01-12T09:54:24.450+0000] {dag.py:3823} INFO - Setting next_dagrun for postgres_to_mysql_etl to 2026-01-12 06:00:00+00:00, run_after=2026-01-12 12:00:00+00:00
[2026-01-12T09:54:24.510+0000] {processor.py:183} INFO - Processing /opt/airflow/dags/postgres_to_mysql_etl.py took 0.322 seconds
