[2026-01-12T09:22:03.224+0000] {manager.py:469} INFO - Processing files using up to 2 processes at a time 
[2026-01-12T09:22:03.227+0000] {manager.py:470} INFO - Process each file at most once every 30 seconds
[2026-01-12T09:22:03.229+0000] {manager.py:471} INFO - Checking for new files in /opt/airflow/dags every 300 seconds
[2026-01-12T09:22:03.231+0000] {manager.py:738} INFO - Searching for files in /opt/airflow/dags
[2026-01-12T09:22:03.558+0000] {manager.py:741} INFO - There are 1 files in /opt/airflow/dags
[2026-01-12T09:22:05.296+0000] {manager.py:879} INFO - 
================================================================================
DAG File Processing Stats

File Path                                     PID  Runtime      # DAGs    # Errors  Last Runtime    Last Run
------------------------------------------  -----  ---------  --------  ----------  --------------  ----------
/opt/airflow/dags/postgres_to_mysql_etl.py    173  0.38s             0           0
================================================================================
[2026-01-12T09:22:33.103+0000] {manager.py:879} INFO - 
================================================================================
DAG File Processing Stats

File Path                                   PID    Runtime      # DAGs    # Errors  Last Runtime    Last Run
------------------------------------------  -----  ---------  --------  ----------  --------------  -------------------
/opt/airflow/dags/postgres_to_mysql_etl.py                           1           0  1.83s           2026-01-12T09:22:06
================================================================================
[2026-01-12T09:23:01.220+0000] {manager.py:879} INFO - 
================================================================================
DAG File Processing Stats

File Path                                   PID    Runtime      # DAGs    # Errors  Last Runtime    Last Run
------------------------------------------  -----  ---------  --------  ----------  --------------  -------------------
/opt/airflow/dags/postgres_to_mysql_etl.py                           1           0  0.95s           2026-01-12T09:22:38
================================================================================
[2026-01-12T09:23:29.345+0000] {manager.py:879} INFO - 
================================================================================
DAG File Processing Stats

File Path                                   PID    Runtime      # DAGs    # Errors  Last Runtime    Last Run
------------------------------------------  -----  ---------  --------  ----------  --------------  -------------------
/opt/airflow/dags/postgres_to_mysql_etl.py                           1           0  0.30s           2026-01-12T09:23:08
================================================================================
[2026-01-12T09:23:57.178+0000] {manager.py:879} INFO - 
================================================================================
DAG File Processing Stats

File Path                                   PID    Runtime      # DAGs    # Errors  Last Runtime    Last Run
------------------------------------------  -----  ---------  --------  ----------  --------------  -------------------
/opt/airflow/dags/postgres_to_mysql_etl.py                           1           0  0.32s           2026-01-12T09:23:39
================================================================================
[2026-01-12T09:24:25.085+0000] {manager.py:879} INFO - 
================================================================================
DAG File Processing Stats

File Path                                   PID    Runtime      # DAGs    # Errors  Last Runtime    Last Run
------------------------------------------  -----  ---------  --------  ----------  --------------  -------------------
/opt/airflow/dags/postgres_to_mysql_etl.py                           1           0  1.95s           2026-01-12T09:24:11
================================================================================
[2026-01-12T09:24:53.865+0000] {manager.py:879} INFO - 
================================================================================
DAG File Processing Stats

File Path                                   PID    Runtime      # DAGs    # Errors  Last Runtime    Last Run
------------------------------------------  -----  ---------  --------  ----------  --------------  -------------------
/opt/airflow/dags/postgres_to_mysql_etl.py                           1           0  0.62s           2026-01-12T09:24:42
================================================================================
[2026-01-12T09:25:22.102+0000] {manager.py:879} INFO - 
================================================================================
DAG File Processing Stats

File Path                                   PID    Runtime      # DAGs    # Errors  Last Runtime    Last Run
------------------------------------------  -----  ---------  --------  ----------  --------------  -------------------
/opt/airflow/dags/postgres_to_mysql_etl.py                           1           0  -1.45s          2026-01-12T09:25:11
================================================================================
[2026-01-12T09:25:50.364+0000] {manager.py:879} INFO - 
================================================================================
DAG File Processing Stats

File Path                                   PID    Runtime      # DAGs    # Errors  Last Runtime    Last Run
------------------------------------------  -----  ---------  --------  ----------  --------------  -------------------
/opt/airflow/dags/postgres_to_mysql_etl.py                           1           0  -3.39s          2026-01-12T09:25:39
================================================================================
[2026-01-12T09:26:18.605+0000] {manager.py:879} INFO - 
================================================================================
DAG File Processing Stats

File Path                                   PID    Runtime      # DAGs    # Errors  Last Runtime    Last Run
------------------------------------------  -----  ---------  --------  ----------  --------------  -------------------
/opt/airflow/dags/postgres_to_mysql_etl.py                           1           0  0.35s           2026-01-12T09:26:10
================================================================================
[2026-01-12T09:26:46.764+0000] {manager.py:879} INFO - 
================================================================================
DAG File Processing Stats

File Path                                   PID    Runtime      # DAGs    # Errors  Last Runtime    Last Run
------------------------------------------  -----  ---------  --------  ----------  --------------  -------------------
/opt/airflow/dags/postgres_to_mysql_etl.py                           1           0  0.45s           2026-01-12T09:26:42
================================================================================
[2026-01-12T09:27:03.273+0000] {manager.py:738} INFO - Searching for files in /opt/airflow/dags
[2026-01-12T09:27:03.421+0000] {manager.py:741} INFO - There are 1 files in /opt/airflow/dags
[2026-01-12T09:27:14.930+0000] {manager.py:879} INFO - 
================================================================================
DAG File Processing Stats

File Path                                   PID    Runtime      # DAGs    # Errors  Last Runtime    Last Run
------------------------------------------  -----  ---------  --------  ----------  --------------  -------------------
/opt/airflow/dags/postgres_to_mysql_etl.py                           1           0  0.53s           2026-01-12T09:27:12
================================================================================
[2026-01-12T09:27:43.117+0000] {manager.py:879} INFO - 
================================================================================
DAG File Processing Stats

File Path                                     PID  Runtime      # DAGs    # Errors  Last Runtime    Last Run
------------------------------------------  -----  ---------  --------  ----------  --------------  -------------------
/opt/airflow/dags/postgres_to_mysql_etl.py    228  0.01s             1           0  0.53s           2026-01-12T09:27:12
================================================================================
[2026-01-12T09:29:56.444+0000] {manager.py:469} INFO - Processing files using up to 2 processes at a time 
[2026-01-12T09:29:56.446+0000] {manager.py:470} INFO - Process each file at most once every 30 seconds
[2026-01-12T09:29:56.452+0000] {manager.py:471} INFO - Checking for new files in /opt/airflow/dags every 300 seconds
[2026-01-12T09:29:56.453+0000] {manager.py:738} INFO - Searching for files in /opt/airflow/dags
[2026-01-12T09:29:56.494+0000] {manager.py:741} INFO - There are 1 files in /opt/airflow/dags
[2026-01-12T09:29:56.747+0000] {manager.py:879} INFO - 
================================================================================
DAG File Processing Stats

File Path                                     PID  Runtime      # DAGs    # Errors  Last Runtime    Last Run
------------------------------------------  -----  ---------  --------  ----------  --------------  ----------
/opt/airflow/dags/postgres_to_mysql_etl.py    173  0.12s             0           0
================================================================================
[2026-01-12T09:30:24.837+0000] {manager.py:879} INFO - 
================================================================================
DAG File Processing Stats

File Path                                   PID    Runtime      # DAGs    # Errors  Last Runtime    Last Run
------------------------------------------  -----  ---------  --------  ----------  --------------  -------------------
/opt/airflow/dags/postgres_to_mysql_etl.py                           1           0  0.43s           2026-01-12T09:29:57
================================================================================
[2026-01-12T09:30:52.856+0000] {manager.py:879} INFO - 
================================================================================
DAG File Processing Stats

File Path                                   PID    Runtime      # DAGs    # Errors  Last Runtime    Last Run
------------------------------------------  -----  ---------  --------  ----------  --------------  -------------------
/opt/airflow/dags/postgres_to_mysql_etl.py                           1           0  0.95s           2026-01-12T09:30:28
================================================================================
[2026-01-12T09:31:21.167+0000] {manager.py:879} INFO - 
================================================================================
DAG File Processing Stats

File Path                                   PID    Runtime      # DAGs    # Errors  Last Runtime    Last Run
------------------------------------------  -----  ---------  --------  ----------  --------------  -------------------
/opt/airflow/dags/postgres_to_mysql_etl.py                           1           0  0.27s           2026-01-12T09:30:59
================================================================================
[2026-01-12T09:31:49.193+0000] {manager.py:879} INFO - 
================================================================================
DAG File Processing Stats

File Path                                   PID    Runtime      # DAGs    # Errors  Last Runtime    Last Run
------------------------------------------  -----  ---------  --------  ----------  --------------  -------------------
/opt/airflow/dags/postgres_to_mysql_etl.py                           1           0  0.93s           2026-01-12T09:31:30
================================================================================
[2026-01-12T09:32:17.128+0000] {manager.py:879} INFO - 
================================================================================
DAG File Processing Stats

File Path                                   PID    Runtime      # DAGs    # Errors  Last Runtime    Last Run
------------------------------------------  -----  ---------  --------  ----------  --------------  -------------------
/opt/airflow/dags/postgres_to_mysql_etl.py                           1           0  1.72s           2026-01-12T09:32:02
================================================================================
[2026-01-12T09:32:45.201+0000] {manager.py:879} INFO - 
================================================================================
DAG File Processing Stats

File Path                                   PID    Runtime      # DAGs    # Errors  Last Runtime    Last Run
------------------------------------------  -----  ---------  --------  ----------  --------------  -------------------
/opt/airflow/dags/postgres_to_mysql_etl.py                           1           0  1.05s           2026-01-12T09:32:33
================================================================================
[2026-01-12T09:33:13.249+0000] {manager.py:879} INFO - 
================================================================================
DAG File Processing Stats

File Path                                   PID    Runtime      # DAGs    # Errors  Last Runtime    Last Run
------------------------------------------  -----  ---------  --------  ----------  --------------  -------------------
/opt/airflow/dags/postgres_to_mysql_etl.py                           1           0  0.51s           2026-01-12T09:33:04
================================================================================
[2026-01-12T09:33:41.279+0000] {manager.py:879} INFO - 
================================================================================
DAG File Processing Stats

File Path                                   PID    Runtime      # DAGs    # Errors  Last Runtime    Last Run
------------------------------------------  -----  ---------  --------  ----------  --------------  -------------------
/opt/airflow/dags/postgres_to_mysql_etl.py                           1           0  -2.38s          2026-01-12T09:33:32
================================================================================
[2026-01-12T09:34:09.211+0000] {manager.py:879} INFO - 
================================================================================
DAG File Processing Stats

File Path                                   PID    Runtime      # DAGs    # Errors  Last Runtime    Last Run
------------------------------------------  -----  ---------  --------  ----------  --------------  -------------------
/opt/airflow/dags/postgres_to_mysql_etl.py                           1           0  0.64s           2026-01-12T09:34:03
================================================================================
[2026-01-12T09:34:36.951+0000] {manager.py:879} INFO - 
================================================================================
DAG File Processing Stats

File Path                                   PID    Runtime      # DAGs    # Errors  Last Runtime    Last Run
------------------------------------------  -----  ---------  --------  ----------  --------------  -------------------
/opt/airflow/dags/postgres_to_mysql_etl.py                           1           0  0.46s           2026-01-12T09:34:33
================================================================================
[2026-01-12T09:34:57.708+0000] {manager.py:738} INFO - Searching for files in /opt/airflow/dags
[2026-01-12T09:34:57.759+0000] {manager.py:741} INFO - There are 1 files in /opt/airflow/dags
[2026-01-12T09:35:05.099+0000] {manager.py:879} INFO - 
================================================================================
DAG File Processing Stats

File Path                                   PID    Runtime      # DAGs    # Errors  Last Runtime    Last Run
------------------------------------------  -----  ---------  --------  ----------  --------------  -------------------
/opt/airflow/dags/postgres_to_mysql_etl.py                           1           0  0.44s           2026-01-12T09:35:04
================================================================================
[2026-01-12T09:35:33.366+0000] {manager.py:879} INFO - 
================================================================================
DAG File Processing Stats

File Path                                   PID    Runtime      # DAGs    # Errors  Last Runtime    Last Run
------------------------------------------  -----  ---------  --------  ----------  --------------  -------------------
/opt/airflow/dags/postgres_to_mysql_etl.py                           1           0  0.44s           2026-01-12T09:35:04
================================================================================
[2026-01-12T09:36:01.694+0000] {manager.py:879} INFO - 
================================================================================
DAG File Processing Stats

File Path                                   PID    Runtime      # DAGs    # Errors  Last Runtime    Last Run
------------------------------------------  -----  ---------  --------  ----------  --------------  -------------------
/opt/airflow/dags/postgres_to_mysql_etl.py                           1           0  0.37s           2026-01-12T09:35:34
================================================================================
[2026-01-12T09:36:29.451+0000] {manager.py:879} INFO - 
================================================================================
DAG File Processing Stats

File Path                                   PID    Runtime      # DAGs    # Errors  Last Runtime    Last Run
------------------------------------------  -----  ---------  --------  ----------  --------------  -------------------
/opt/airflow/dags/postgres_to_mysql_etl.py                           1           0  0.49s           2026-01-12T09:36:05
================================================================================
[2026-01-12T09:36:57.394+0000] {manager.py:879} INFO - 
================================================================================
DAG File Processing Stats

File Path                                   PID    Runtime      # DAGs    # Errors  Last Runtime    Last Run
------------------------------------------  -----  ---------  --------  ----------  --------------  -------------------
/opt/airflow/dags/postgres_to_mysql_etl.py                           1           0  0.27s           2026-01-12T09:36:48
================================================================================
[2026-01-12T09:37:25.382+0000] {manager.py:879} INFO - 
================================================================================
DAG File Processing Stats

File Path                                   PID    Runtime      # DAGs    # Errors  Last Runtime    Last Run
------------------------------------------  -----  ---------  --------  ----------  --------------  -------------------
/opt/airflow/dags/postgres_to_mysql_etl.py                           1           0  0.44s           2026-01-12T09:37:18
================================================================================
[2026-01-12T09:37:53.329+0000] {manager.py:879} INFO - 
================================================================================
DAG File Processing Stats

File Path                                   PID    Runtime      # DAGs    # Errors  Last Runtime    Last Run
------------------------------------------  -----  ---------  --------  ----------  --------------  -------------------
/opt/airflow/dags/postgres_to_mysql_etl.py                           1           0  0.44s           2026-01-12T09:37:49
================================================================================
[2026-01-12T09:38:21.389+0000] {manager.py:879} INFO - 
================================================================================
DAG File Processing Stats

File Path                                   PID    Runtime      # DAGs    # Errors  Last Runtime    Last Run
------------------------------------------  -----  ---------  --------  ----------  --------------  -------------------
/opt/airflow/dags/postgres_to_mysql_etl.py                           1           0  0.50s           2026-01-12T09:38:19
================================================================================
[2026-01-12T09:38:49.326+0000] {manager.py:879} INFO - 
================================================================================
DAG File Processing Stats

File Path                                   PID    Runtime      # DAGs    # Errors  Last Runtime    Last Run
------------------------------------------  -----  ---------  --------  ----------  --------------  -------------------
/opt/airflow/dags/postgres_to_mysql_etl.py                           1           0  0.50s           2026-01-12T09:38:19
================================================================================
[2026-01-12T09:39:17.861+0000] {manager.py:879} INFO - 
================================================================================
DAG File Processing Stats

File Path                                   PID    Runtime      # DAGs    # Errors  Last Runtime    Last Run
------------------------------------------  -----  ---------  --------  ----------  --------------  -------------------
/opt/airflow/dags/postgres_to_mysql_etl.py                           1           0  0.46s           2026-01-12T09:38:50
================================================================================
[2026-01-12T09:39:46.179+0000] {manager.py:879} INFO - 
================================================================================
DAG File Processing Stats

File Path                                   PID    Runtime      # DAGs    # Errors  Last Runtime    Last Run
------------------------------------------  -----  ---------  --------  ----------  --------------  -------------------
/opt/airflow/dags/postgres_to_mysql_etl.py                           1           0  0.45s           2026-01-12T09:39:21
================================================================================
[2026-01-12T09:39:58.108+0000] {manager.py:738} INFO - Searching for files in /opt/airflow/dags
[2026-01-12T09:39:58.141+0000] {manager.py:741} INFO - There are 1 files in /opt/airflow/dags
[2026-01-12T09:40:13.914+0000] {manager.py:879} INFO - 
================================================================================
DAG File Processing Stats

File Path                                   PID    Runtime      # DAGs    # Errors  Last Runtime    Last Run
------------------------------------------  -----  ---------  --------  ----------  --------------  -------------------
/opt/airflow/dags/postgres_to_mysql_etl.py                           1           0  0.55s           2026-01-12T09:39:52
================================================================================
[2026-01-12T09:40:41.885+0000] {manager.py:879} INFO - 
================================================================================
DAG File Processing Stats

File Path                                   PID    Runtime      # DAGs    # Errors  Last Runtime    Last Run
------------------------------------------  -----  ---------  --------  ----------  --------------  -------------------
/opt/airflow/dags/postgres_to_mysql_etl.py                           1           0  0.57s           2026-01-12T09:40:22
================================================================================
[2026-01-12T09:41:09.106+0000] {manager.py:879} INFO - 
================================================================================
DAG File Processing Stats

File Path                                   PID    Runtime      # DAGs    # Errors  Last Runtime    Last Run
------------------------------------------  -----  ---------  --------  ----------  --------------  -------------------
/opt/airflow/dags/postgres_to_mysql_etl.py                           1           0  0.47s           2026-01-12T09:40:53
================================================================================
[2026-01-12T09:41:40.745+0000] {manager.py:879} INFO - 
================================================================================
DAG File Processing Stats

File Path                                   PID    Runtime      # DAGs    # Errors  Last Runtime    Last Run
------------------------------------------  -----  ---------  --------  ----------  --------------  -------------------
/opt/airflow/dags/postgres_to_mysql_etl.py                           1           0  0.56s           2026-01-12T09:41:32
================================================================================
[2026-01-12T09:42:10.503+0000] {manager.py:879} INFO - 
================================================================================
DAG File Processing Stats

File Path                                   PID    Runtime      # DAGs    # Errors  Last Runtime    Last Run
------------------------------------------  -----  ---------  --------  ----------  --------------  -------------------
/opt/airflow/dags/postgres_to_mysql_etl.py                           1           0  0.58s           2026-01-12T09:42:04
================================================================================
[2026-01-12T09:42:39.564+0000] {manager.py:879} INFO - 
================================================================================
DAG File Processing Stats

File Path                                   PID    Runtime      # DAGs    # Errors  Last Runtime    Last Run
------------------------------------------  -----  ---------  --------  ----------  --------------  -------------------
/opt/airflow/dags/postgres_to_mysql_etl.py                           1           0  0.59s           2026-01-12T09:42:35
================================================================================
[2026-01-12T09:43:07.567+0000] {manager.py:879} INFO - 
================================================================================
DAG File Processing Stats

File Path                                   PID    Runtime      # DAGs    # Errors  Last Runtime    Last Run
------------------------------------------  -----  ---------  --------  ----------  --------------  -------------------
/opt/airflow/dags/postgres_to_mysql_etl.py                           1           0  0.61s           2026-01-12T09:43:06
================================================================================
[2026-01-12T09:43:35.472+0000] {manager.py:879} INFO - 
================================================================================
DAG File Processing Stats

File Path                                   PID    Runtime      # DAGs    # Errors  Last Runtime    Last Run
------------------------------------------  -----  ---------  --------  ----------  --------------  -------------------
/opt/airflow/dags/postgres_to_mysql_etl.py                           1           0  0.61s           2026-01-12T09:43:06
================================================================================
[2026-01-12T09:44:03.963+0000] {manager.py:879} INFO - 
================================================================================
DAG File Processing Stats

File Path                                   PID    Runtime      # DAGs    # Errors  Last Runtime    Last Run
------------------------------------------  -----  ---------  --------  ----------  --------------  -------------------
/opt/airflow/dags/postgres_to_mysql_etl.py                           1           0  0.57s           2026-01-12T09:43:38
================================================================================
[2026-01-12T09:44:32.505+0000] {manager.py:879} INFO - 
================================================================================
DAG File Processing Stats

File Path                                   PID    Runtime      # DAGs    # Errors  Last Runtime    Last Run
------------------------------------------  -----  ---------  --------  ----------  --------------  -------------------
/opt/airflow/dags/postgres_to_mysql_etl.py                           1           0  0.30s           2026-01-12T09:44:08
================================================================================
[2026-01-12T09:44:58.630+0000] {manager.py:738} INFO - Searching for files in /opt/airflow/dags
[2026-01-12T09:44:58.678+0000] {manager.py:741} INFO - There are 1 files in /opt/airflow/dags
[2026-01-12T09:45:00.728+0000] {manager.py:879} INFO - 
================================================================================
DAG File Processing Stats

File Path                                   PID    Runtime      # DAGs    # Errors  Last Runtime    Last Run
------------------------------------------  -----  ---------  --------  ----------  --------------  -------------------
/opt/airflow/dags/postgres_to_mysql_etl.py                           1           0  0.42s           2026-01-12T09:44:40
================================================================================
[2026-01-12T09:45:28.679+0000] {manager.py:879} INFO - 
================================================================================
DAG File Processing Stats

File Path                                   PID    Runtime      # DAGs    # Errors  Last Runtime    Last Run
------------------------------------------  -----  ---------  --------  ----------  --------------  -------------------
/opt/airflow/dags/postgres_to_mysql_etl.py                           1           0  0.49s           2026-01-12T09:45:10
================================================================================
[2026-01-12T09:45:57.449+0000] {manager.py:879} INFO - 
================================================================================
DAG File Processing Stats

File Path                                   PID    Runtime      # DAGs    # Errors  Last Runtime    Last Run
------------------------------------------  -----  ---------  --------  ----------  --------------  -------------------
/opt/airflow/dags/postgres_to_mysql_etl.py                           1           0  -3.37s          2026-01-12T09:45:38
================================================================================
[2026-01-12T09:46:25.734+0000] {manager.py:879} INFO - 
================================================================================
DAG File Processing Stats

File Path                                   PID    Runtime      # DAGs    # Errors  Last Runtime    Last Run
------------------------------------------  -----  ---------  --------  ----------  --------------  -------------------
/opt/airflow/dags/postgres_to_mysql_etl.py                           1           0  0.22s           2026-01-12T09:46:17
================================================================================
[2026-01-12T09:46:53.414+0000] {manager.py:879} INFO - 
================================================================================
DAG File Processing Stats

File Path                                   PID    Runtime      # DAGs    # Errors  Last Runtime    Last Run
------------------------------------------  -----  ---------  --------  ----------  --------------  -------------------
/opt/airflow/dags/postgres_to_mysql_etl.py                           1           0  0.45s           2026-01-12T09:46:48
================================================================================
[2026-01-12T09:47:21.568+0000] {manager.py:879} INFO - 
================================================================================
DAG File Processing Stats

File Path                                   PID    Runtime      # DAGs    # Errors  Last Runtime    Last Run
------------------------------------------  -----  ---------  --------  ----------  --------------  -------------------
/opt/airflow/dags/postgres_to_mysql_etl.py                           1           0  0.30s           2026-01-12T09:47:18
================================================================================
[2026-01-12T09:47:49.969+0000] {manager.py:879} INFO - 
================================================================================
DAG File Processing Stats

File Path                                   PID    Runtime      # DAGs    # Errors  Last Runtime    Last Run
------------------------------------------  -----  ---------  --------  ----------  --------------  -------------------
/opt/airflow/dags/postgres_to_mysql_etl.py                           1           0  0.33s           2026-01-12T09:47:49
================================================================================
[2026-01-12T09:48:18.060+0000] {manager.py:879} INFO - 
================================================================================
DAG File Processing Stats

File Path                                   PID    Runtime      # DAGs    # Errors  Last Runtime    Last Run
------------------------------------------  -----  ---------  --------  ----------  --------------  -------------------
/opt/airflow/dags/postgres_to_mysql_etl.py                           1           0  0.33s           2026-01-12T09:47:49
================================================================================
[2026-01-12T09:48:46.182+0000] {manager.py:879} INFO - 
================================================================================
DAG File Processing Stats

File Path                                   PID    Runtime      # DAGs    # Errors  Last Runtime    Last Run
------------------------------------------  -----  ---------  --------  ----------  --------------  -------------------
/opt/airflow/dags/postgres_to_mysql_etl.py                           1           0  0.79s           2026-01-12T09:48:20
================================================================================
[2026-01-12T09:49:14.383+0000] {manager.py:879} INFO - 
================================================================================
DAG File Processing Stats

File Path                                   PID    Runtime      # DAGs    # Errors  Last Runtime    Last Run
------------------------------------------  -----  ---------  --------  ----------  --------------  -------------------
/opt/airflow/dags/postgres_to_mysql_etl.py                           1           0  1.40s           2026-01-12T09:48:52
================================================================================
[2026-01-12T09:49:42.507+0000] {manager.py:879} INFO - 
================================================================================
DAG File Processing Stats

File Path                                   PID    Runtime      # DAGs    # Errors  Last Runtime    Last Run
------------------------------------------  -----  ---------  --------  ----------  --------------  -------------------
/opt/airflow/dags/postgres_to_mysql_etl.py                           1           0  -2.95s          2026-01-12T09:49:20
================================================================================
[2026-01-12T09:49:58.739+0000] {manager.py:738} INFO - Searching for files in /opt/airflow/dags
[2026-01-12T09:49:58.791+0000] {manager.py:741} INFO - There are 1 files in /opt/airflow/dags
[2026-01-12T09:50:10.776+0000] {manager.py:879} INFO - 
================================================================================
DAG File Processing Stats

File Path                                   PID    Runtime      # DAGs    # Errors  Last Runtime    Last Run
------------------------------------------  -----  ---------  --------  ----------  --------------  -------------------
/opt/airflow/dags/postgres_to_mysql_etl.py                           1           0  0.26s           2026-01-12T09:49:50
================================================================================
[2026-01-12T09:50:38.660+0000] {manager.py:879} INFO - 
================================================================================
DAG File Processing Stats

File Path                                   PID    Runtime      # DAGs    # Errors  Last Runtime    Last Run
------------------------------------------  -----  ---------  --------  ----------  --------------  -------------------
/opt/airflow/dags/postgres_to_mysql_etl.py                           1           0  0.33s           2026-01-12T09:50:21
================================================================================
[2026-01-12T09:51:06.783+0000] {manager.py:879} INFO - 
================================================================================
DAG File Processing Stats

File Path                                   PID    Runtime      # DAGs    # Errors  Last Runtime    Last Run
------------------------------------------  -----  ---------  --------  ----------  --------------  -------------------
/opt/airflow/dags/postgres_to_mysql_etl.py                           1           0  0.44s           2026-01-12T09:50:51
================================================================================
[2026-01-12T09:51:34.840+0000] {manager.py:879} INFO - 
================================================================================
DAG File Processing Stats

File Path                                   PID    Runtime      # DAGs    # Errors  Last Runtime    Last Run
------------------------------------------  -----  ---------  --------  ----------  --------------  -------------------
/opt/airflow/dags/postgres_to_mysql_etl.py                           1           0  0.37s           2026-01-12T09:51:22
================================================================================
[2026-01-12T09:52:03.120+0000] {manager.py:879} INFO - 
================================================================================
DAG File Processing Stats

File Path                                   PID    Runtime      # DAGs    # Errors  Last Runtime    Last Run
------------------------------------------  -----  ---------  --------  ----------  --------------  -------------------
/opt/airflow/dags/postgres_to_mysql_etl.py                           1           0  0.31s           2026-01-12T09:51:53
================================================================================
[2026-01-12T09:52:31.366+0000] {manager.py:879} INFO - 
================================================================================
DAG File Processing Stats

File Path                                   PID    Runtime      # DAGs    # Errors  Last Runtime    Last Run
------------------------------------------  -----  ---------  --------  ----------  --------------  -------------------
/opt/airflow/dags/postgres_to_mysql_etl.py                           1           0  0.32s           2026-01-12T09:52:24
================================================================================
[2026-01-12T09:52:59.821+0000] {manager.py:879} INFO - 
================================================================================
DAG File Processing Stats

File Path                                   PID    Runtime      # DAGs    # Errors  Last Runtime    Last Run
------------------------------------------  -----  ---------  --------  ----------  --------------  -------------------
/opt/airflow/dags/postgres_to_mysql_etl.py                           1           0  0.44s           2026-01-12T09:52:55
================================================================================
[2026-01-12T09:53:27.590+0000] {manager.py:879} INFO - 
================================================================================
DAG File Processing Stats

File Path                                   PID    Runtime      # DAGs    # Errors  Last Runtime    Last Run
------------------------------------------  -----  ---------  --------  ----------  --------------  -------------------
/opt/airflow/dags/postgres_to_mysql_etl.py                           1           0  0.33s           2026-01-12T09:53:25
================================================================================
[2026-01-12T09:53:55.484+0000] {manager.py:879} INFO - 
================================================================================
DAG File Processing Stats

File Path                                   PID    Runtime      # DAGs    # Errors  Last Runtime    Last Run
------------------------------------------  -----  ---------  --------  ----------  --------------  -------------------
/opt/airflow/dags/postgres_to_mysql_etl.py                           1           0  0.33s           2026-01-12T09:53:25
================================================================================
[2026-01-12T09:54:22.214+0000] {manager.py:879} INFO - 
================================================================================
DAG File Processing Stats

File Path                                   PID    Runtime      # DAGs    # Errors  Last Runtime    Last Run
------------------------------------------  -----  ---------  --------  ----------  --------------  -------------------
/opt/airflow/dags/postgres_to_mysql_etl.py                           1           0  0.40s           2026-01-12T09:53:56
================================================================================
