[2026-01-12T09:51:13.921+0000] {taskinstance.py:1956} INFO - Dependencies all met for dep_context=non-requeueable deps ti=<TaskInstance: postgres_to_mysql_etl.extract_customers scheduled__2026-01-12T00:00:00+00:00 [queued]>
[2026-01-12T09:51:14.001+0000] {taskinstance.py:1956} INFO - Dependencies all met for dep_context=requeueable deps ti=<TaskInstance: postgres_to_mysql_etl.extract_customers scheduled__2026-01-12T00:00:00+00:00 [queued]>
[2026-01-12T09:51:14.004+0000] {taskinstance.py:2170} INFO - Starting attempt 1 of 3
[2026-01-12T09:51:14.086+0000] {taskinstance.py:2191} INFO - Executing <Task(PythonOperator): extract_customers> on 2026-01-12 00:00:00+00:00
[2026-01-12T09:51:14.117+0000] {standard_task_runner.py:60} INFO - Started process 539 to run task
[2026-01-12T09:51:14.125+0000] {standard_task_runner.py:87} INFO - Running: ['***', 'tasks', 'run', 'postgres_to_mysql_etl', 'extract_customers', 'scheduled__2026-01-12T00:00:00+00:00', '--job-id', '5', '--raw', '--subdir', 'DAGS_FOLDER/postgres_to_mysql_etl.py', '--cfg-path', '/tmp/tmp5yq8g2z_']
[2026-01-12T09:51:14.140+0000] {standard_task_runner.py:88} INFO - Job 5: Subtask extract_customers
[2026-01-12T09:51:14.924+0000] {task_command.py:423} INFO - Running <TaskInstance: postgres_to_mysql_etl.extract_customers scheduled__2026-01-12T00:00:00+00:00 [running]> on host be47c573d96c
[2026-01-12T09:51:15.437+0000] {taskinstance.py:2480} INFO - Exporting env vars: AIRFLOW_CTX_DAG_OWNER='data-engineering-team' AIRFLOW_CTX_DAG_ID='postgres_to_mysql_etl' AIRFLOW_CTX_TASK_ID='extract_customers' AIRFLOW_CTX_EXECUTION_DATE='2026-01-12T00:00:00+00:00' AIRFLOW_CTX_TRY_NUMBER='1' AIRFLOW_CTX_DAG_RUN_ID='scheduled__2026-01-12T00:00:00+00:00'
[2026-01-12T09:51:15.445+0000] {postgres_to_mysql_etl.py:35} INFO - Mulai ekstraksi customers dari PostgreSQL
[2026-01-12T09:51:15.488+0000] {base.py:83} INFO - Using connection ID 'postgres_default' for task execution.
[2026-01-12T09:51:15.505+0000] {postgres_to_mysql_etl.py:67} ERROR - Error saat ekstrak customers: connection to server at "postgres" (172.18.0.3), port 5432 failed: FATAL:  password authentication failed for user "postgres"

[2026-01-12T09:51:15.508+0000] {taskinstance.py:2698} ERROR - Task failed with exception
Traceback (most recent call last):
  File "/home/airflow/.local/lib/python3.8/site-packages/airflow/models/taskinstance.py", line 433, in _execute_task
    result = execute_callable(context=context, **execute_callable_kwargs)
  File "/home/airflow/.local/lib/python3.8/site-packages/airflow/operators/python.py", line 199, in execute
    return_value = self.execute_callable()
  File "/home/airflow/.local/lib/python3.8/site-packages/airflow/operators/python.py", line 216, in execute_callable
    return self.python_callable(*self.op_args, **self.op_kwargs)
  File "/opt/airflow/dags/postgres_to_mysql_etl.py", line 39, in extract_customers_from_postgres
    conn = pg_hook.get_conn()
  File "/home/airflow/.local/lib/python3.8/site-packages/airflow/providers/postgres/hooks/postgres.py", line 158, in get_conn
    self.conn = psycopg2.connect(**conn_args)
  File "/home/airflow/.local/lib/python3.8/site-packages/psycopg2/__init__.py", line 122, in connect
    conn = _connect(dsn, connection_factory=connection_factory, **kwasync)
psycopg2.OperationalError: connection to server at "postgres" (172.18.0.3), port 5432 failed: FATAL:  password authentication failed for user "postgres"

[2026-01-12T09:51:15.593+0000] {taskinstance.py:1138} INFO - Marking task as UP_FOR_RETRY. dag_id=postgres_to_mysql_etl, task_id=extract_customers, execution_date=20260112T000000, start_date=20260112T095113, end_date=20260112T095115
[2026-01-12T09:51:15.683+0000] {standard_task_runner.py:107} ERROR - Failed to execute job 5 for task extract_customers (connection to server at "postgres" (172.18.0.3), port 5432 failed: FATAL:  password authentication failed for user "postgres"
; 539)
[2026-01-12T09:51:15.748+0000] {local_task_job_runner.py:234} INFO - Task exited with return code 1
[2026-01-12T09:51:15.846+0000] {taskinstance.py:3280} INFO - 0 downstream tasks scheduled from follow-on schedule check
